#
# A fatal error has been detected by the Java Runtime Environment:
#
#  EXCEPTION_ACCESS_VIOLATION (0xc0000005) at pc=0x00007ff9c31b1bd5, pid=1640, tid=11692
#
# JRE version:  (11.0.16.1+1) (build )
# Java VM: OpenJDK 64-Bit Server VM (11.0.16.1+1-LTS, mixed mode, sharing, tiered, unknown gc, windows-amd64)
# Problematic frame:
# C  [jimage.dll+0x1bd5]
#
# No core dump will be written. Minidumps are not enabled by default on client versions of Windows
#
#

---------------  S U M M A R Y ------------

Command Line: 

Host: Intel(R) Core(TM) i3-8130U CPU @ 2.20GHz, 4 cores, 7G,  Windows 10 , 64 bit Build 19041 (10.0.19041.2913)
Time: Thu Jun  1 15:39:25 2023 SE Asia Standard Time elapsed time: 0.014797 seconds (0d 0h 0m 0s)

---------------  T H R E A D  ---------------

Current thread is native thread

Stack: [0x000000f254600000,0x000000f254700000],  sp=0x000000f2546fd050,  free space=1012k
Native frames: (J=compiled Java code, j=interpreted, Vv=VM code, C=native code)
C  [jimage.dll+0x1bd5]


siginfo: EXCEPTION_ACCESS_VIOLATION (0xc0000005), reading address 0x00000000000146cc


Registers:
RAX=0x00000000000051ac, RBX=0x000000f2546fd141, RCX=0x00007ff9c31b6000, RDX=0x00000000000051ac
RSP=0x000000f2546fd050, RBP=0x000000f2546fd140, RSI=0x00000000000084fe, RDI=0x000000f2546fd140
R8 =0x00007ff9c31b4268, R9 =0x000000000000001c, R10=0x00007ff911f71a00, R11=0x00007ff9c31b6000
R12=0x000000f2546ff7e0, R13=0x00000257207e2860, R14=0x000000f2546fe1b0, R15=0x00007ff911f71a18
RIP=0x00007ff9c31b1bd5, EFLAGS=0x0000000000010246

Top of Stack: (sp=0x000000f2546fd050)
0x000000f2546fd050:   00007ff9c31b8000 0000000000000000
0x000000f2546fd060:   00007ff901000020 000000f2546fd810
0x000000f2546fd070:   00000257207eac30 00007ff9c31b1d63
0x000000f2546fd080:   000000000000000b 00000257207eac30
0x000000f2546fd090:   0000000000000070 0000000000000000
0x000000f2546fd0a0:   0000000000000000 0000000000000000
0x000000f2546fd0b0:   0000000000000000 0000000000000000
0x000000f2546fd0c0:   0000000000000000 0000000000000000
0x000000f2546fd0d0:   0000000000000000 0000000000000000
0x000000f2546fd0e0:   00006c2daa2121d0 0000000000000000
0x000000f2546fd0f0:   00007ff911f4eac8 0000000000000017
0x000000f2546fd100:   00000257207eac30 000000f2546fe1b0
0x000000f2546fd110:   000000000000000b 00007ff9c31b2641
0x000000f2546fd120:   0000000000000002 0000000000000002
0x000000f2546fd130:   0000f3be51a60000 0000f3be51a6d532
0x000000f2546fd140:   61622e6176616a2f 692f6b646a2f6573 

Instructions: (pc=0x00007ff9c31b1bd5)
0x00007ff9c31b1ad5:   48 85 c9 74 1d 80 3d 2f 45 00 00 00 74 06 48 8b
0x00007ff9c31b1ae5:   53 18 eb 04 48 8b 53 40 e8 ae 0e 00 00 48 83 63
0x00007ff9c31b1af5:   48 00 8b 4b 0c 83 f9 ff 74 09 e8 e4 0c 00 00 83
0x00007ff9c31b1b05:   4b 0c ff 48 8b 4b 70 48 85 c9 74 0f ba 10 00 00
0x00007ff9c31b1b15:   00 e8 fd 0e 00 00 48 83 63 70 00 48 83 c4 20 5b
0x00007ff9c31b1b25:   c3 cc cc 40 53 48 83 ec 20 48 8b d9 48 8d 0d e8
0x00007ff9c31b1b35:   46 00 00 e8 b3 0c 00 00 83 6b 08 01 75 24 48 8b
0x00007ff9c31b1b45:   d3 48 8d 0d cb 44 00 00 e8 22 08 00 00 48 8b cb
0x00007ff9c31b1b55:   e8 de fe ff ff ba 78 00 00 00 48 8b cb e8 b1 0e
0x00007ff9c31b1b65:   00 00 48 8d 0d b2 46 00 00 48 83 c4 20 5b e9 80
0x00007ff9c31b1b75:   0c 00 00 48 89 5c 24 08 48 89 74 24 10 57 48 83
0x00007ff9c31b1b85:   ec 20 41 8b f1 4d 8b c8 48 8b fa 4c 8b d9 4d 85
0x00007ff9c31b1b95:   c0 74 78 85 f6 74 74 44 8a 12 48 8d 5a 01 48 8b
0x00007ff9c31b1ba5:   d3 b8 93 01 00 01 eb 12 69 c0 93 01 00 01 41 0f
0x00007ff9c31b1bb5:   b6 ca 44 8a 12 33 c1 48 ff c2 45 84 d2 75 e9 4d
0x00007ff9c31b1bc5:   8b 03 0f ba f0 1f 33 d2 49 8b cb f7 f6 48 63 c2
0x00007ff9c31b1bd5:   41 8b 14 81 41 ff 50 08 85 c0 7e 24 8a 0f eb 10
0x00007ff9c31b1be5:   69 c0 93 01 00 01 0f b6 c9 33 c1 8a 0b 48 ff c3
0x00007ff9c31b1bf5:   84 c9 75 ec 0f ba f0 1f 33 d2 f7 f6 8b c2 eb 0e
0x00007ff9c31b1c05:   79 09 83 c9 ff 2b c8 8b c1 eb 03 83 c8 ff 48 8b
0x00007ff9c31b1c15:   5c 24 30 48 8b 74 24 38 48 83 c4 20 5f c3 cc 48
0x00007ff9c31b1c25:   89 5c 24 08 48 89 74 24 10 57 48 83 ec 20 48 8b
0x00007ff9c31b1c35:   f1 48 8d 0d e3 45 00 00 e8 ae 0b 00 00 33 ff 39
0x00007ff9c31b1c45:   3d ce 43 00 00 76 24 48 8b 05 cd 43 00 00 48 8b
0x00007ff9c31b1c55:   d6 48 8b 1c f8 48 8b 0b e8 be 1e 00 00 85 c0 74
0x00007ff9c31b1c65:   2b ff c7 3b 3d aa 43 00 00 72 dc 33 db 48 8d 0d
0x00007ff9c31b1c75:   a7 45 00 00 e8 7a 0b 00 00 48 8b 74 24 38 48 8b
0x00007ff9c31b1c85:   c3 48 8b 5c 24 30 48 83 c4 20 5f c3 ff 43 08 eb
0x00007ff9c31b1c95:   dc cc cc 48 89 5c 24 08 48 89 74 24 10 57 48 83
0x00007ff9c31b1ca5:   ec 20 48 8b d9 48 8b f2 48 8b 49 10 49 8b f8 8b
0x00007ff9c31b1cb5:   53 30 48 8b 01 ff 50 20 4c 8b 43 50 48 8b d6 48
0x00007ff9c31b1cc5:   8b 4b 10 44 8b c8 e8 a8 fe ff ff 83 f8 ff 74 38 



---------------  P R O C E S S  ---------------

VM state:not at safepoint (not fully initialized)

VM Mutex/Monitor currently owned by a thread: None


Dynamic libraries:
0x00007ff7668b0000 - 0x00007ff7668bd000 	C:\Program Files\Microsoft\jdk-11.0.16.101-hotspot\bin\java.exe
0x00007ff9e1e50000 - 0x00007ff9e2048000 	C:\Windows\SYSTEM32\ntdll.dll
0x00007ff9e14d0000 - 0x00007ff9e158f000 	C:\Windows\System32\KERNEL32.DLL
0x00007ff9dfa60000 - 0x00007ff9dfd56000 	C:\Windows\System32\KERNELBASE.dll
0x00007ff9dfd60000 - 0x00007ff9dfe60000 	C:\Windows\System32\ucrtbase.dll
0x00007ff9c31f0000 - 0x00007ff9c3205000 	C:\Program Files\Microsoft\jdk-11.0.16.101-hotspot\bin\VCRUNTIME140.dll
0x00007ff9c3210000 - 0x00007ff9c3227000 	C:\Program Files\Microsoft\jdk-11.0.16.101-hotspot\bin\jli.dll
0x00007ff9e1590000 - 0x00007ff9e172d000 	C:\Windows\System32\USER32.dll
0x00007ff9df650000 - 0x00007ff9df672000 	C:\Windows\System32\win32u.dll
0x00007ff9c9a40000 - 0x00007ff9c9cda000 	C:\Windows\WinSxS\amd64_microsoft.windows.common-controls_6595b64144ccf1df_6.0.19041.1110_none_60b5254171f9507e\COMCTL32.dll
0x00007ff9e1750000 - 0x00007ff9e177c000 	C:\Windows\System32\GDI32.dll
0x00007ff9e1130000 - 0x00007ff9e11ce000 	C:\Windows\System32\msvcrt.dll
0x00007ff9df530000 - 0x00007ff9df645000 	C:\Windows\System32\gdi32full.dll
0x00007ff9df680000 - 0x00007ff9df71d000 	C:\Windows\System32\msvcp_win.dll
0x00007ff9e1bd0000 - 0x00007ff9e1c00000 	C:\Windows\System32\IMM32.DLL
0x00007ff9c3070000 - 0x00007ff9c310b000 	C:\Program Files\Microsoft\jdk-11.0.16.101-hotspot\bin\msvcp140.dll
0x00007ff9116d0000 - 0x00007ff91225a000 	C:\Program Files\Microsoft\jdk-11.0.16.101-hotspot\bin\server\jvm.dll
0x00007ff9e0c10000 - 0x00007ff9e0cbf000 	C:\Windows\System32\ADVAPI32.dll
0x00007ff9e11e0000 - 0x00007ff9e127c000 	C:\Windows\System32\sechost.dll
0x00007ff9e0ae0000 - 0x00007ff9e0c06000 	C:\Windows\System32\RPCRT4.dll
0x00007ff9e1780000 - 0x00007ff9e1788000 	C:\Windows\System32\PSAPI.DLL
0x00007ff9642a0000 - 0x00007ff9642a9000 	C:\Windows\SYSTEM32\WSOCK32.dll
0x00007ff9c9ce0000 - 0x00007ff9c9d07000 	C:\Windows\SYSTEM32\WINMM.dll
0x00007ff9cd100000 - 0x00007ff9cd10a000 	C:\Windows\SYSTEM32\VERSION.dll
0x00007ff9e1460000 - 0x00007ff9e14cb000 	C:\Windows\System32\WS2_32.dll
0x00007ff9ddd20000 - 0x00007ff9ddd32000 	C:\Windows\SYSTEM32\kernel.appcore.dll
0x00007ff9cd130000 - 0x00007ff9cd140000 	C:\Program Files\Microsoft\jdk-11.0.16.101-hotspot\bin\verify.dll
0x00007ff9dd120000 - 0x00007ff9dd304000 	C:\Windows\SYSTEM32\DBGHELP.DLL
0x00007ff9cbf30000 - 0x00007ff9cbf64000 	C:\Windows\SYSTEM32\dbgcore.DLL
0x00007ff9df840000 - 0x00007ff9df8c2000 	C:\Windows\System32\bcryptPrimitives.dll
0x00007ff9c31c0000 - 0x00007ff9c31e8000 	C:\Program Files\Microsoft\jdk-11.0.16.101-hotspot\bin\java.dll
0x00007ff9c31b0000 - 0x00007ff9c31ba000 	C:\Program Files\Microsoft\jdk-11.0.16.101-hotspot\bin\jimage.dll

dbghelp: loaded successfully - version: 4.0.5 - missing functions: none
symbol engine: initialized successfully - sym options: 0x614 - pdb path: .;C:\Program Files\Microsoft\jdk-11.0.16.101-hotspot\bin;C:\Windows\SYSTEM32;C:\Windows\WinSxS\amd64_microsoft.windows.common-controls_6595b64144ccf1df_6.0.19041.1110_none_60b5254171f9507e;C:\Program Files\Microsoft\jdk-11.0.16.101-hotspot\bin\server

VM Arguments:
java_command: <unknown>
java_class_path (initial): <not set>
Launcher Type: SUN_STANDARD

[Global flags]
     bool UseLargePagesIndividualAllocation        = false                                  {pd product} {ergonomic}

Logging:
Log output configuration:
 #0: stdout all=warning uptime,level,tags
 #1: stderr all=off uptime,level,tags

Environment Variables:
JAVA_HOME=C:\Program Files\Microsoft\jdk-11.0.16.101-hotspot
PATH=C:\Program Files\Common Files\Oracle\Java\javapath;C:\Program Files (x86)\Common Files\Oracle\Java\javapath;C:\Program Files\Microsoft\jdk-11.0.16.101-hotspot\bin;C:\Program Files (x86)\Intel\iCLS Client\;C:\Program Files\Intel\iCLS Client\;C:\Windows\system32;C:\Windows;C:\Windows\System32\Wbem;C:\Windows\System32\WindowsPowerShell\v1.0\;C:\Windows\System32\OpenSSH\;C:\Program Files (x86)\Intel\Intel(R) Management Engine Components\DAL;C:\Program Files\Intel\Intel(R) Management Engine Components\DAL;C:\Program Files (x86)\Intel\Intel(R) Management Engine Components\IPT;C:\Program Files\Intel\Intel(R) Management Engine Components\IPT;E:\ApplicationApp\Git\cmd;C:\Program Files\Microsoft SQL Server\150\Tools\Binn\;C:\Program Files\Microsoft SQL Server\130\Tools\Binn\;C:\xampp\mysql\bin;C:\msys64\mingw64\bin;C:\msys64\mingw64\include;C:\Program Files\Microsoft SQL Server\Client SDK\ODBC\170\Tools\Binn\;C:\Program Files\dotnet\;C:\Program Files\MySQL\MySQL Shell 8.0\bin\;C:\Users\admin\AppData\Local\Microsoft\WindowsApps;C:\Users\admin\AppData\Local\Programs\Microsoft VS Code\bin;C:\msys64\mingw64\bin;C:\msys64\mingw64\include;C:\src\flutter\bin;C:\Windows\System32;C:\xampp\php;C:\Users\admin\AppData\Local\Programs\Python\Python311\Scripts;C:\Users\admin\AppData\Roaming\Python\Python311\Scripts;C:\Users\admin\.dotnet\tools
USERNAME=Line's laptop
OS=Windows_NT
PROCESSOR_IDENTIFIER=Intel64 Family 6 Model 142 Stepping 10, GenuineIntel
TMP=C:\Users\admin\AppData\Local\Temp
TEMP=C:\Users\admin\AppData\Local\Temp



---------------  S Y S T E M  ---------------

OS: Windows 10 , 64 bit Build 19041 (10.0.19041.2913)
OS uptime: 0 days 1:54 hours

CPU:total 4 (initial active 0) 

Memory: 4k page, system-wide physical 8071M (967M free)
TotalPageFile size 8071M (AvailPageFile size 2M)
current process WorkingSet (physical memory assigned to process): 7M, peak: 7M
current process commit charge ("private bytes"): 3M, peak: 3M

vm_info: OpenJDK 64-Bit Server VM (11.0.16.1+1-LTS) for windows-amd64 JRE (11.0.16.1+1-LTS), built on Aug 20 2022 20:09:04 by "" with MS VC++ 15.9 (VS2017)

END.
