#
# There is insufficient memory for the Java Runtime Environment to continue.
# Native memory allocation (mmap) failed to map 141557760 bytes for Failed to commit area from 0x0000000089e00000 to 0x0000000092500000 of length 141557760.
# Possible reasons:
#   The system is out of physical RAM or swap space
#   The process is running with CompressedOops enabled, and the Java Heap may be blocking the growth of the native heap
# Possible solutions:
#   Reduce memory load on the system
#   Increase physical memory or swap space
#   Check if swap backing store is full
#   Decrease Java heap size (-Xmx/-Xms)
#   Decrease number of Java threads
#   Decrease Java thread stack sizes (-Xss)
#   Set larger code cache with -XX:ReservedCodeCacheSize=
#   JVM is running with Unscaled Compressed Oops mode in which the Java heap is
#     placed in the first 4GB address space. The Java Heap base address is the
#     maximum limit for the native heap growth. Please use -XX:HeapBaseMinAddress
#     to set the Java Heap base and to place the Java Heap above 4GB virtual address.
# This output file may be truncated or incomplete.
#
#  Out of Memory Error (./src/hotspot/os/windows/os_windows.cpp:3386), pid=4864, tid=5780
#
# JRE version: OpenJDK Runtime Environment Microsoft-40648 (11.0.16.1+1) (build 11.0.16.1+1-LTS)
# Java VM: OpenJDK 64-Bit Server VM Microsoft-40648 (11.0.16.1+1-LTS, mixed mode, tiered, compressed oops, g1 gc, windows-amd64)
# No core dump will be written. Minidumps are not enabled by default on client versions of Windows
#

---------------  S U M M A R Y ------------

Command Line: com.xamarin.manifestmerger.Main obj\Debug\130\android\manifestmerger.rsp

Host: Intel(R) Core(TM) i3-8130U CPU @ 2.20GHz, 4 cores, 7G,  Windows 10 , 64 bit Build 19041 (10.0.19041.2913)
Time: Wed May 31 20:33:18 2023 SE Asia Standard Time elapsed time: 0.944629 seconds (0d 0h 0m 0s)

---------------  T H R E A D  ---------------

Current thread (0x000001c07e981000):  VMThread "VM Thread" [stack: 0x0000001598b00000,0x0000001598c00000] [id=5780]

Stack: [0x0000001598b00000,0x0000001598c00000]
[error occurred during error reporting (printing stack bounds), id 0xc0000005, EXCEPTION_ACCESS_VIOLATION (0xc0000005) at pc=0x000001c06a99112d]

Native frames: (J=compiled Java code, j=interpreted, Vv=VM code, C=native code)
V  [jvm.dll+0x62652a]
V  [jvm.dll+0x7b3249]
V  [jvm.dll+0x7b4938]
V  [jvm.dll+0x7b4f75]
V  [jvm.dll+0x7b4f2b]
V  [jvm.dll+0x6258b7]
V  [jvm.dll+0x625fc8]
C  [ntdll.dll+0xa23df]
C  [ntdll.dll+0x514a4]
C  [ntdll.dll+0xa0f0e]
C  0x000001c06a99112d

VM_Operation (0x00000015985fadd0): G1CollectForAllocation, mode: safepoint, requested by thread 0x000001c06222b000


---------------  P R O C E S S  ---------------

Threads class SMR info:
_java_thread_list=0x000001c07f46a130, length=11, elements={
0x000001c06222b000, 0x000001c07e9a6800, 0x000001c07e9b0000, 0x000001c07e9c0000,
0x000001c07e9c3000, 0x000001c07e9c4800, 0x000001c07e9c8000, 0x000001c07e9d5000,
0x000001c07e9d6000, 0x000001c07f483800, 0x000001c07f49b800
}

Java Threads: ( => current thread )
  0x000001c06222b000 JavaThread "main" [_thread_blocked, id=4468, stack(0x0000001598500000,0x0000001598600000)]
  0x000001c07e9a6800 JavaThread "Reference Handler" daemon [_thread_blocked, id=9300, stack(0x0000001598c00000,0x0000001598d00000)]
  0x000001c07e9b0000 JavaThread "Finalizer" daemon [_thread_blocked, id=8008, stack(0x0000001598d00000,0x0000001598e00000)]
  0x000001c07e9c0000 JavaThread "Signal Dispatcher" daemon [_thread_blocked, id=5324, stack(0x0000001598e00000,0x0000001598f00000)]
  0x000001c07e9c3000 JavaThread "Attach Listener" daemon [_thread_blocked, id=6816, stack(0x0000001598f00000,0x0000001599000000)]
  0x000001c07e9c4800 JavaThread "Service Thread" daemon [_thread_blocked, id=6344, stack(0x0000001599000000,0x0000001599100000)]
  0x000001c07e9c8000 JavaThread "C2 CompilerThread0" daemon [_thread_blocked, id=8908, stack(0x0000001599100000,0x0000001599200000)]
  0x000001c07e9d5000 JavaThread "C1 CompilerThread0" daemon [_thread_blocked, id=3784, stack(0x0000001599200000,0x0000001599300000)]
  0x000001c07e9d6000 JavaThread "Sweeper thread" daemon [_thread_blocked, id=6872, stack(0x0000001599300000,0x0000001599400000)]
  0x000001c07f483800 JavaThread "Common-Cleaner" daemon [_thread_blocked, id=8640, stack(0x0000001599500000,0x0000001599600000)]
  0x000001c07f49b800 JavaThread "C2 CompilerThread1" daemon [_thread_blocked, id=2868, stack(0x0000001599600000,0x0000001599700000)]

Other Threads:
=>0x000001c07e981000 VMThread "VM Thread" [stack: 0x0000001598b00000,0x0000001598c00000] [id=5780]
  0x000001c07f47a800 WatcherThread [stack: 0x0000001599400000,0x0000001599500000] [id=2888]
  0x000001c062244800 GCTaskThread "GC Thread#0" [stack: 0x0000001598600000,0x0000001598700000] [id=4624]
  0x000001c07f8df800 GCTaskThread "GC Thread#1" [stack: 0x0000001599700000,0x0000001599800000] [id=5476]
  0x000001c07f8e8000 GCTaskThread "GC Thread#2" [stack: 0x0000001599800000,0x0000001599900000] [id=5100]
  0x000001c062275800 ConcurrentGCThread "G1 Main Marker" [stack: 0x0000001598700000,0x0000001598800000] [id=2924]
  0x000001c062277000 ConcurrentGCThread "G1 Conc#0" [stack: 0x0000001598800000,0x0000001598900000] [id=1408]
  0x000001c062308800 ConcurrentGCThread "G1 Refine#0" [stack: 0x0000001598900000,0x0000001598a00000] [id=7524]
  0x000001c07fd6c800 ConcurrentGCThread "G1 Refine#1" [stack: 0x0000001599900000,0x0000001599a00000] [id=732]
  0x000001c07f758800 ConcurrentGCThread "G1 Refine#2" [stack: 0x0000001599a00000,0x0000001599b00000] [id=6692]
  0x000001c062309800 ConcurrentGCThread "G1 Young RemSet Sampling" [stack: 0x0000001598a00000,0x0000001598b00000] [id=11072]

Threads with active compile tasks:
C2 CompilerThread1      969  803   !   4       java.util.jar.Attributes::read (354 bytes)

VM state:at safepoint (normal execution)

VM Mutex/Monitor currently owned by a thread:  ([mutex/lock_event])
[0x000001c062227e30] Threads_lock - owner thread: 0x000001c07e981000
[0x000001c062226f00] Heap_lock - owner thread: 0x000001c06222b000

Heap address: 0x0000000081e00000, size: 2018 MB, Compressed Oops mode: 32-bit
Narrow klass base: 0x0000000000000000, Narrow klass shift: 3
Compressed class space size: 1073741824 Address: 0x0000000100000000

Heap:
 garbage-first heap   total 269312K, used 44032K [0x0000000081e00000, 0x0000000100000000)
  region size 1024K, 4 young (4096K), 4 survivors (4096K)
 Metaspace       used 10095K, capacity 10289K, committed 10496K, reserved 1058816K
  class space    used 936K, capacity 983K, committed 1024K, reserved 1048576K
Heap Regions: E=young(eden), S=young(survivor), O=old, HS=humongous(starts), HC=humongous(continues), CS=collection set, F=free, A=archive, TAMS=top-at-mark-start (previous, next)
|   0|0x0000000081e00000, 0x0000000081f00000, 0x0000000081f00000|100%|HS|  |TAMS 0x0000000081e00000, 0x0000000081e00000| Complete 
|   1|0x0000000081f00000, 0x0000000082000000, 0x0000000082000000|100%|HC|  |TAMS 0x0000000081f00000, 0x0000000081f00000| Complete 
|   2|0x0000000082000000, 0x0000000082100000, 0x0000000082100000|100%|HC|  |TAMS 0x0000000082000000, 0x0000000082000000| Complete 
|   3|0x0000000082100000, 0x0000000082200000, 0x0000000082200000|100%| O|  |TAMS 0x0000000082100000, 0x0000000082100000| Untracked 
|   4|0x0000000082200000, 0x0000000082300000, 0x0000000082300000|100%| O|  |TAMS 0x0000000082200000, 0x0000000082200000| Untracked 
|   5|0x0000000082300000, 0x0000000082400000, 0x0000000082400000|100%| O|  |TAMS 0x0000000082300000, 0x0000000082300000| Untracked 
|   6|0x0000000082400000, 0x0000000082500000, 0x0000000082500000|100%|HS|  |TAMS 0x0000000082400000, 0x0000000082400000| Complete 
|   7|0x0000000082500000, 0x0000000082600000, 0x0000000082600000|100%|HC|  |TAMS 0x0000000082500000, 0x0000000082500000| Complete 
|   8|0x0000000082600000, 0x0000000082700000, 0x0000000082700000|100%|HC|  |TAMS 0x0000000082600000, 0x0000000082600000| Complete 
|   9|0x0000000082700000, 0x0000000082800000, 0x0000000082800000|100%| O|  |TAMS 0x0000000082700000, 0x0000000082700000| Untracked 
|  10|0x0000000082800000, 0x0000000082900000, 0x0000000082900000|100%| O|  |TAMS 0x0000000082800000, 0x0000000082800000| Untracked 
|  11|0x0000000082900000, 0x0000000082a00000, 0x0000000082a00000|100%| O|  |TAMS 0x0000000082900000, 0x0000000082900000| Untracked 
|  12|0x0000000082a00000, 0x0000000082b00000, 0x0000000082b00000|100%| O|  |TAMS 0x0000000082a00000, 0x0000000082a00000| Untracked 
|  13|0x0000000082b00000, 0x0000000082c00000, 0x0000000082c00000|100%| O|  |TAMS 0x0000000082b00000, 0x0000000082b00000| Untracked 
|  14|0x0000000082c00000, 0x0000000082d00000, 0x0000000082d00000|100%| O|  |TAMS 0x0000000082c00000, 0x0000000082c00000| Untracked 
|  15|0x0000000082d00000, 0x0000000082e00000, 0x0000000082e00000|100%| O|  |TAMS 0x0000000082d00000, 0x0000000082d00000| Untracked 
|  16|0x0000000082e00000, 0x0000000082f00000, 0x0000000082f00000|100%| O|  |TAMS 0x0000000082e00000, 0x0000000082e00000| Untracked 
|  17|0x0000000082f00000, 0x0000000083000000, 0x0000000083000000|100%| O|  |TAMS 0x0000000082f00000, 0x0000000082f00000| Untracked 
|  18|0x0000000083000000, 0x0000000083100000, 0x0000000083100000|100%| O|  |TAMS 0x0000000083000000, 0x0000000083000000| Untracked 
|  19|0x0000000083100000, 0x0000000083200000, 0x0000000083200000|100%| O|  |TAMS 0x0000000083100000, 0x0000000083100000| Untracked 
|  20|0x0000000083200000, 0x0000000083300000, 0x0000000083300000|100%| O|  |TAMS 0x0000000083200000, 0x0000000083200000| Untracked 
|  21|0x0000000083300000, 0x0000000083400000, 0x0000000083400000|100%|HS|  |TAMS 0x0000000083300000, 0x0000000083300000| Complete 
|  22|0x0000000083400000, 0x0000000083500000, 0x0000000083500000|100%|HC|  |TAMS 0x0000000083400000, 0x0000000083400000| Complete 
|  23|0x0000000083500000, 0x0000000083600000, 0x0000000083600000|100%|HC|  |TAMS 0x0000000083500000, 0x0000000083500000| Complete 
|  24|0x0000000083600000, 0x0000000083700000, 0x0000000083700000|100%|HS|  |TAMS 0x0000000083600000, 0x0000000083600000| Complete 
|  25|0x0000000083700000, 0x0000000083800000, 0x0000000083800000|100%|HC|  |TAMS 0x0000000083700000, 0x0000000083700000| Complete 
|  26|0x0000000083800000, 0x0000000083900000, 0x0000000083900000|100%|HC|  |TAMS 0x0000000083800000, 0x0000000083800000| Complete 
|  27|0x0000000083900000, 0x0000000083a00000, 0x0000000083a00000|100%| O|  |TAMS 0x0000000083900000, 0x0000000083900000| Untracked 
|  28|0x0000000083a00000, 0x0000000083b00000, 0x0000000083b00000|100%| O|  |TAMS 0x0000000083a00000, 0x0000000083a00000| Untracked 
|  29|0x0000000083b00000, 0x0000000083c00000, 0x0000000083c00000|100%| O|  |TAMS 0x0000000083b00000, 0x0000000083b00000| Untracked 
|  30|0x0000000083c00000, 0x0000000083d00000, 0x0000000083d00000|100%| O|  |TAMS 0x0000000083c00000, 0x0000000083c00000| Untracked 
|  31|0x0000000083d00000, 0x0000000083e00000, 0x0000000083e00000|100%| O|  |TAMS 0x0000000083d00000, 0x0000000083d00000| Untracked 
|  32|0x0000000083e00000, 0x0000000083e00000, 0x0000000083f00000|  0%| F|  |TAMS 0x0000000083e00000, 0x0000000083e00000| Untracked 
|  33|0x0000000083f00000, 0x0000000083f00000, 0x0000000084000000|  0%| F|  |TAMS 0x0000000083f00000, 0x0000000083f00000| Untracked 
|  34|0x0000000084000000, 0x0000000084000000, 0x0000000084100000|  0%| F|  |TAMS 0x0000000084000000, 0x0000000084000000| Untracked 
|  35|0x0000000084100000, 0x0000000084200000, 0x0000000084200000|100%|HS|  |TAMS 0x0000000084100000, 0x0000000084100000| Complete 
|  36|0x0000000084200000, 0x0000000084300000, 0x0000000084300000|100%|HC|  |TAMS 0x0000000084200000, 0x0000000084200000| Complete 
|  37|0x0000000084300000, 0x0000000084400000, 0x0000000084400000|100%|HC|  |TAMS 0x0000000084300000, 0x0000000084300000| Complete 
|  38|0x0000000084400000, 0x0000000084500000, 0x0000000084500000|100%| O|  |TAMS 0x0000000084400000, 0x0000000084400000| Untracked 
|  39|0x0000000084500000, 0x0000000084600000, 0x0000000084600000|100%| O|  |TAMS 0x0000000084500000, 0x0000000084500000| Untracked 
|  40|0x0000000084600000, 0x0000000084700000, 0x0000000084700000|100%| O|  |TAMS 0x0000000084600000, 0x0000000084600000| Untracked 
|  41|0x0000000084700000, 0x0000000084800000, 0x0000000084800000|100%| O|  |TAMS 0x0000000084700000, 0x0000000084700000| Untracked 
|  42|0x0000000084800000, 0x0000000084800000, 0x0000000084900000|  0%| F|  |TAMS 0x0000000084800000, 0x0000000084800000| Untracked 
|  43|0x0000000084900000, 0x0000000084900000, 0x0000000084a00000|  0%| F|  |TAMS 0x0000000084900000, 0x0000000084900000| Untracked 
|  44|0x0000000084a00000, 0x0000000084a00000, 0x0000000084b00000|  0%| F|  |TAMS 0x0000000084a00000, 0x0000000084a00000| Untracked 
|  45|0x0000000084b00000, 0x0000000084b00000, 0x0000000084c00000|  0%| F|  |TAMS 0x0000000084b00000, 0x0000000084b00000| Untracked 
|  46|0x0000000084c00000, 0x0000000084c00000, 0x0000000084d00000|  0%| F|  |TAMS 0x0000000084c00000, 0x0000000084c00000| Untracked 
|  47|0x0000000084d00000, 0x0000000084d00000, 0x0000000084e00000|  0%| F|  |TAMS 0x0000000084d00000, 0x0000000084d00000| Untracked 
|  48|0x0000000084e00000, 0x0000000084e00000, 0x0000000084f00000|  0%| F|  |TAMS 0x0000000084e00000, 0x0000000084e00000| Untracked 
|  49|0x0000000084f00000, 0x0000000084f00000, 0x0000000085000000|  0%| F|  |TAMS 0x0000000084f00000, 0x0000000084f00000| Untracked 
|  50|0x0000000085000000, 0x0000000085000000, 0x0000000085100000|  0%| F|  |TAMS 0x0000000085000000, 0x0000000085000000| Untracked 
|  51|0x0000000085100000, 0x0000000085100000, 0x0000000085200000|  0%| F|  |TAMS 0x0000000085100000, 0x0000000085100000| Untracked 
|  52|0x0000000085200000, 0x0000000085200000, 0x0000000085300000|  0%| F|  |TAMS 0x0000000085200000, 0x0000000085200000| Untracked 
|  53|0x0000000085300000, 0x0000000085300000, 0x0000000085400000|  0%| F|  |TAMS 0x0000000085300000, 0x0000000085300000| Untracked 
|  54|0x0000000085400000, 0x0000000085400000, 0x0000000085500000|  0%| F|  |TAMS 0x0000000085400000, 0x0000000085400000| Untracked 
|  55|0x0000000085500000, 0x0000000085500000, 0x0000000085600000|  0%| F|  |TAMS 0x0000000085500000, 0x0000000085500000| Untracked 
|  56|0x0000000085600000, 0x0000000085600000, 0x0000000085700000|  0%| F|  |TAMS 0x0000000085600000, 0x0000000085600000| Untracked 
|  57|0x0000000085700000, 0x0000000085700000, 0x0000000085800000|  0%| F|  |TAMS 0x0000000085700000, 0x0000000085700000| Untracked 
|  58|0x0000000085800000, 0x0000000085800000, 0x0000000085900000|  0%| F|  |TAMS 0x0000000085800000, 0x0000000085800000| Untracked 
|  59|0x0000000085900000, 0x0000000085900000, 0x0000000085a00000|  0%| F|  |TAMS 0x0000000085900000, 0x0000000085900000| Untracked 
|  60|0x0000000085a00000, 0x0000000085a00000, 0x0000000085b00000|  0%| F|  |TAMS 0x0000000085a00000, 0x0000000085a00000| Untracked 
|  61|0x0000000085b00000, 0x0000000085b00000, 0x0000000085c00000|  0%| F|  |TAMS 0x0000000085b00000, 0x0000000085b00000| Untracked 
|  62|0x0000000085c00000, 0x0000000085c00000, 0x0000000085d00000|  0%| F|  |TAMS 0x0000000085c00000, 0x0000000085c00000| Untracked 
|  63|0x0000000085d00000, 0x0000000085d00000, 0x0000000085e00000|  0%| F|  |TAMS 0x0000000085d00000, 0x0000000085d00000| Untracked 
|  64|0x0000000085e00000, 0x0000000085e00000, 0x0000000085f00000|  0%| F|  |TAMS 0x0000000085e00000, 0x0000000085e00000| Untracked 
|  65|0x0000000085f00000, 0x0000000085f00000, 0x0000000086000000|  0%| F|  |TAMS 0x0000000085f00000, 0x0000000085f00000| Untracked 
|  66|0x0000000086000000, 0x0000000086000000, 0x0000000086100000|  0%| F|  |TAMS 0x0000000086000000, 0x0000000086000000| Untracked 
|  67|0x0000000086100000, 0x0000000086100000, 0x0000000086200000|  0%| F|  |TAMS 0x0000000086100000, 0x0000000086100000| Untracked 
|  68|0x0000000086200000, 0x0000000086200000, 0x0000000086300000|  0%| F|  |TAMS 0x0000000086200000, 0x0000000086200000| Untracked 
|  69|0x0000000086300000, 0x0000000086300000, 0x0000000086400000|  0%| F|  |TAMS 0x0000000086300000, 0x0000000086300000| Untracked 
|  70|0x0000000086400000, 0x0000000086400000, 0x0000000086500000|  0%| F|  |TAMS 0x0000000086400000, 0x0000000086400000| Untracked 
|  71|0x0000000086500000, 0x0000000086500000, 0x0000000086600000|  0%| F|  |TAMS 0x0000000086500000, 0x0000000086500000| Untracked 
|  72|0x0000000086600000, 0x0000000086600000, 0x0000000086700000|  0%| F|  |TAMS 0x0000000086600000, 0x0000000086600000| Untracked 
|  73|0x0000000086700000, 0x0000000086700000, 0x0000000086800000|  0%| F|  |TAMS 0x0000000086700000, 0x0000000086700000| Untracked 
|  74|0x0000000086800000, 0x0000000086800000, 0x0000000086900000|  0%| F|  |TAMS 0x0000000086800000, 0x0000000086800000| Untracked 
|  75|0x0000000086900000, 0x0000000086900000, 0x0000000086a00000|  0%| F|  |TAMS 0x0000000086900000, 0x0000000086900000| Untracked 
|  76|0x0000000086a00000, 0x0000000086a00000, 0x0000000086b00000|  0%| F|  |TAMS 0x0000000086a00000, 0x0000000086a00000| Untracked 
|  77|0x0000000086b00000, 0x0000000086b00000, 0x0000000086c00000|  0%| F|  |TAMS 0x0000000086b00000, 0x0000000086b00000| Untracked 
|  78|0x0000000086c00000, 0x0000000086c00000, 0x0000000086d00000|  0%| F|  |TAMS 0x0000000086c00000, 0x0000000086c00000| Untracked 
|  79|0x0000000086d00000, 0x0000000086d00000, 0x0000000086e00000|  0%| F|  |TAMS 0x0000000086d00000, 0x0000000086d00000| Untracked 
|  80|0x0000000086e00000, 0x0000000086e00000, 0x0000000086f00000|  0%| F|  |TAMS 0x0000000086e00000, 0x0000000086e00000| Untracked 
|  81|0x0000000086f00000, 0x0000000086f00000, 0x0000000087000000|  0%| F|  |TAMS 0x0000000086f00000, 0x0000000086f00000| Untracked 
|  82|0x0000000087000000, 0x0000000087000000, 0x0000000087100000|  0%| F|  |TAMS 0x0000000087000000, 0x0000000087000000| Untracked 
|  83|0x0000000087100000, 0x0000000087100000, 0x0000000087200000|  0%| F|  |TAMS 0x0000000087100000, 0x0000000087100000| Untracked 
|  84|0x0000000087200000, 0x0000000087200000, 0x0000000087300000|  0%| F|  |TAMS 0x0000000087200000, 0x0000000087200000| Untracked 
|  85|0x0000000087300000, 0x0000000087300000, 0x0000000087400000|  0%| F|  |TAMS 0x0000000087300000, 0x0000000087300000| Untracked 
|  86|0x0000000087400000, 0x0000000087400000, 0x0000000087500000|  0%| F|  |TAMS 0x0000000087400000, 0x0000000087400000| Untracked 
|  87|0x0000000087500000, 0x0000000087500000, 0x0000000087600000|  0%| F|  |TAMS 0x0000000087500000, 0x0000000087500000| Untracked 
|  88|0x0000000087600000, 0x0000000087600000, 0x0000000087700000|  0%| F|  |TAMS 0x0000000087600000, 0x0000000087600000| Untracked 
|  89|0x0000000087700000, 0x0000000087700000, 0x0000000087800000|  0%| F|  |TAMS 0x0000000087700000, 0x0000000087700000| Untracked 
|  90|0x0000000087800000, 0x0000000087800000, 0x0000000087900000|  0%| F|  |TAMS 0x0000000087800000, 0x0000000087800000| Untracked 
|  91|0x0000000087900000, 0x0000000087900000, 0x0000000087a00000|  0%| F|  |TAMS 0x0000000087900000, 0x0000000087900000| Untracked 
|  92|0x0000000087a00000, 0x0000000087a00000, 0x0000000087b00000|  0%| F|  |TAMS 0x0000000087a00000, 0x0000000087a00000| Untracked 
|  93|0x0000000087b00000, 0x0000000087b00000, 0x0000000087c00000|  0%| F|  |TAMS 0x0000000087b00000, 0x0000000087b00000| Untracked 
|  94|0x0000000087c00000, 0x0000000087c00000, 0x0000000087d00000|  0%| F|  |TAMS 0x0000000087c00000, 0x0000000087c00000| Untracked 
|  95|0x0000000087d00000, 0x0000000087d00000, 0x0000000087e00000|  0%| F|  |TAMS 0x0000000087d00000, 0x0000000087d00000| Untracked 
|  96|0x0000000087e00000, 0x0000000087e00000, 0x0000000087f00000|  0%| F|  |TAMS 0x0000000087e00000, 0x0000000087e00000| Untracked 
|  97|0x0000000087f00000, 0x0000000087f00000, 0x0000000088000000|  0%| F|  |TAMS 0x0000000087f00000, 0x0000000087f00000| Untracked 
|  98|0x0000000088000000, 0x0000000088100000, 0x0000000088100000|100%| S|CS|TAMS 0x0000000088000000, 0x0000000088000000| Complete 
|  99|0x0000000088100000, 0x0000000088200000, 0x0000000088200000|100%| S|CS|TAMS 0x0000000088100000, 0x0000000088100000| Complete 
| 100|0x0000000088200000, 0x0000000088300000, 0x0000000088300000|100%| S|CS|TAMS 0x0000000088200000, 0x0000000088200000| Complete 
| 101|0x0000000088300000, 0x0000000088400000, 0x0000000088400000|100%| S|CS|TAMS 0x0000000088300000, 0x0000000088300000| Complete 
| 102|0x0000000088400000, 0x0000000088400000, 0x0000000088500000|  0%| F|  |TAMS 0x0000000088400000, 0x0000000088400000| Untracked 
| 103|0x0000000088500000, 0x0000000088500000, 0x0000000088600000|  0%| F|  |TAMS 0x0000000088500000, 0x0000000088500000| Untracked 
| 104|0x0000000088600000, 0x0000000088600000, 0x0000000088700000|  0%| F|  |TAMS 0x0000000088600000, 0x0000000088600000| Untracked 
| 105|0x0000000088700000, 0x0000000088700000, 0x0000000088800000|  0%| F|  |TAMS 0x0000000088700000, 0x0000000088700000| Untracked 
| 106|0x0000000088800000, 0x0000000088800000, 0x0000000088900000|  0%| F|  |TAMS 0x0000000088800000, 0x0000000088800000| Untracked 
| 107|0x0000000088900000, 0x0000000088900000, 0x0000000088a00000|  0%| F|  |TAMS 0x0000000088900000, 0x0000000088900000| Untracked 
| 108|0x0000000088a00000, 0x0000000088a00000, 0x0000000088b00000|  0%| F|  |TAMS 0x0000000088a00000, 0x0000000088a00000| Untracked 
| 109|0x0000000088b00000, 0x0000000088b00000, 0x0000000088c00000|  0%| F|  |TAMS 0x0000000088b00000, 0x0000000088b00000| Untracked 
| 110|0x0000000088c00000, 0x0000000088c00000, 0x0000000088d00000|  0%| F|  |TAMS 0x0000000088c00000, 0x0000000088c00000| Untracked 
| 111|0x0000000088d00000, 0x0000000088d00000, 0x0000000088e00000|  0%| F|  |TAMS 0x0000000088d00000, 0x0000000088d00000| Untracked 
| 112|0x0000000088e00000, 0x0000000088e00000, 0x0000000088f00000|  0%| F|  |TAMS 0x0000000088e00000, 0x0000000088e00000| Untracked 
| 113|0x0000000088f00000, 0x0000000088f00000, 0x0000000089000000|  0%| F|  |TAMS 0x0000000088f00000, 0x0000000088f00000| Untracked 
| 114|0x0000000089000000, 0x0000000089000000, 0x0000000089100000|  0%| F|  |TAMS 0x0000000089000000, 0x0000000089000000| Untracked 
| 115|0x0000000089100000, 0x0000000089100000, 0x0000000089200000|  0%| F|  |TAMS 0x0000000089100000, 0x0000000089100000| Untracked 
| 116|0x0000000089200000, 0x0000000089200000, 0x0000000089300000|  0%| F|  |TAMS 0x0000000089200000, 0x0000000089200000| Untracked 
| 117|0x0000000089300000, 0x0000000089300000, 0x0000000089400000|  0%| F|  |TAMS 0x0000000089300000, 0x0000000089300000| Untracked 
| 118|0x0000000089400000, 0x0000000089400000, 0x0000000089500000|  0%| F|  |TAMS 0x0000000089400000, 0x0000000089400000| Untracked 
| 119|0x0000000089500000, 0x0000000089500000, 0x0000000089600000|  0%| F|  |TAMS 0x0000000089500000, 0x0000000089500000| Untracked 
| 120|0x0000000089600000, 0x0000000089600000, 0x0000000089700000|  0%| F|  |TAMS 0x0000000089600000, 0x0000000089600000| Untracked 
| 121|0x0000000089700000, 0x0000000089700000, 0x0000000089800000|  0%| F|  |TAMS 0x0000000089700000, 0x0000000089700000| Untracked 
| 122|0x0000000089800000, 0x0000000089800000, 0x0000000089900000|  0%| F|  |TAMS 0x0000000089800000, 0x0000000089800000| Untracked 
| 123|0x0000000089900000, 0x0000000089900000, 0x0000000089a00000|  0%| F|  |TAMS 0x0000000089900000, 0x0000000089900000| Untracked 
| 124|0x0000000089a00000, 0x0000000089a00000, 0x0000000089b00000|  0%| F|  |TAMS 0x0000000089a00000, 0x0000000089a00000| Untracked 
| 125|0x0000000089b00000, 0x0000000089b00000, 0x0000000089c00000|  0%| F|  |TAMS 0x0000000089b00000, 0x0000000089b00000| Untracked 
| 126|0x0000000089c00000, 0x0000000089c00000, 0x0000000089d00000|  0%| F|  |TAMS 0x0000000089c00000, 0x0000000089c00000| Untracked 
| 127|0x0000000089d00000, 0x0000000089d00000, 0x0000000089e00000|  0%| F|  |TAMS 0x0000000089d00000, 0x0000000089d00000| Untracked 

Card table byte_map: [0x000001c079d90000,0x000001c07a190000] _byte_map_base: 0x000001c079981000

Marking Bits (Prev, Next): (CMBitMap*) 0x000001c06226cd38, (CMBitMap*) 0x000001c06226cd70
 Prev Bits: [0x000001c07a590000, 0x000001c07c518000)
 Next Bits: [0x000001c07c520000, 0x000001c07e4a8000)

Polling page: 0x000001c060140000

Metaspace:

Usage:
  Non-class:      9.09 MB capacity,     8.94 MB ( 98%) used,   134.08 KB (  1%) free+waste,    12.94 KB ( <1%) overhead. 
      Class:    983.00 KB capacity,   936.76 KB ( 95%) used,    40.24 KB (  4%) free+waste,     6.00 KB ( <1%) overhead. 
       Both:     10.05 MB capacity,     9.86 MB ( 98%) used,   174.32 KB (  2%) free+waste,    18.94 KB ( <1%) overhead. 

Virtual space:
  Non-class space:       10.00 MB reserved,       9.25 MB ( 93%) committed 
      Class space:        1.00 GB reserved,       1.00 MB ( <1%) committed 
             Both:        1.01 GB reserved,      10.25 MB ( <1%) committed 

Chunk freelists:
   Non-Class:  38.00 KB
       Class:  0 bytes
        Both:  38.00 KB

MaxMetaspaceSize: 17179869184.00 GB
CompressedClassSpaceSize: 1.00 GB
Initial GC threshold: 20.80 MB
Current GC threshold: 20.80 MB
CDS: off

CodeHeap 'non-profiled nmethods': size=120064Kb used=407Kb max_used=407Kb free=119656Kb
 bounds [0x000001c072450000, 0x000001c0726c0000, 0x000001c079990000]
CodeHeap 'profiled nmethods': size=120000Kb used=1204Kb max_used=1204Kb free=118795Kb
 bounds [0x000001c06af20000, 0x000001c06b190000, 0x000001c072450000]
CodeHeap 'non-nmethods': size=5696Kb used=1125Kb max_used=1153Kb free=4570Kb
 bounds [0x000001c06a990000, 0x000001c06ac00000, 0x000001c06af20000]
 total_blobs=1180 nmethods=802 adapters=291
 compilation: enabled
              stopped_count=0, restarted_count=0
 full_count=0

Compilation events (20 events):
Event: 0.868 Thread 0x000001c07e9d5000  796       3       jdk.internal.org.objectweb.asm.ByteVector::putByteArray (49 bytes)
Event: 0.869 Thread 0x000001c07e9d5000 nmethod 796 0x000001c06b046290 code [0x000001c06b046460, 0x000001c06b046718]
Event: 0.869 Thread 0x000001c07e9d5000  799       3       java.io.WinNTFileSystem::isSlash (18 bytes)
Event: 0.869 Thread 0x000001c07e9d5000 nmethod 799 0x000001c06b046810 code [0x000001c06b0469c0, 0x000001c06b046b58]
Event: 0.871 Thread 0x000001c07e9d5000  800       3       java.util.zip.ZipUtils::CENLEN (9 bytes)
Event: 0.871 Thread 0x000001c07e9d5000 nmethod 800 0x000001c06b046c10 code [0x000001c06b046de0, 0x000001c06b0470b8]
Event: 0.886 Thread 0x000001c07f49b800  801       4       java.util.jar.JarFile::match (132 bytes)
Event: 0.890 Thread 0x000001c07f49b800 nmethod 801 0x000001c0724b3790 code [0x000001c0724b3940, 0x000001c0724b3cb8]
Event: 0.890 Thread 0x000001c07e9c8000 nmethod 785 0x000001c0724b3f90 code [0x000001c0724b4160, 0x000001c0724b4ff8]
Event: 0.906 Thread 0x000001c07e9d5000  802       3       java.util.HashMap::<init> (11 bytes)
Event: 0.906 Thread 0x000001c07f49b800  803   !   4       java.util.jar.Attributes::read (354 bytes)
Event: 0.906 Thread 0x000001c07e9d5000 nmethod 802 0x000001c06b047290 code [0x000001c06b047440, 0x000001c06b0475f8]
Event: 0.908 Thread 0x000001c07e9d5000  804 %     3       java.util.jar.Manifest::read @ 42 (340 bytes)
Event: 0.910 Thread 0x000001c07e9d5000 nmethod 804% 0x000001c06b047710 code [0x000001c06b047b00, 0x000001c06b049978]
Event: 0.910 Thread 0x000001c07e9d5000  805       3       java.util.jar.Manifest::read (340 bytes)
Event: 0.912 Thread 0x000001c07e9d5000 nmethod 805 0x000001c06b04a590 code [0x000001c06b04a960, 0x000001c06b04c578]
Event: 0.919 Thread 0x000001c07e9c8000  806       4       java.util.HashMap::<init> (98 bytes)
Event: 0.920 Thread 0x000001c07e9c8000 nmethod 806 0x000001c0724b5790 code [0x000001c0724b5920, 0x000001c0724b5a78]
Event: 0.920 Thread 0x000001c07e9c8000  807       4       java.lang.Integer::numberOfLeadingZeros (78 bytes)
Event: 0.920 Thread 0x000001c07e9c8000 nmethod 807 0x000001c0724b5b90 code [0x000001c0724b5d20, 0x000001c0724b5db8]

GC Heap History (9 events):
Event: 0.266 GC heap before
{Heap before GC invocations=0 (full 0):
 garbage-first heap   total 131072K, used 22528K [0x0000000081e00000, 0x0000000100000000)
  region size 1024K, 14 young (14336K), 0 survivors (0K)
 Metaspace       used 4709K, capacity 4792K, committed 5120K, reserved 1056768K
  class space    used 395K, capacity 424K, committed 512K, reserved 1048576K
}
Event: 0.314 GC heap after
{Heap after GC invocations=1 (full 0):
 garbage-first heap   total 131072K, used 11583K [0x0000000081e00000, 0x0000000100000000)
  region size 1024K, 2 young (2048K), 2 survivors (2048K)
 Metaspace       used 4709K, capacity 4792K, committed 5120K, reserved 1056768K
  class space    used 395K, capacity 424K, committed 512K, reserved 1048576K
}
Event: 0.360 GC heap before
{Heap before GC invocations=1 (full 0):
 garbage-first heap   total 131072K, used 17727K [0x0000000081e00000, 0x0000000100000000)
  region size 1024K, 8 young (8192K), 2 survivors (2048K)
 Metaspace       used 4711K, capacity 4792K, committed 5120K, reserved 1056768K
  class space    used 395K, capacity 424K, committed 512K, reserved 1048576K
}
Event: 0.368 GC heap after
{Heap after GC invocations=2 (full 0):
 garbage-first heap   total 131072K, used 15583K [0x0000000081e00000, 0x0000000100000000)
  region size 1024K, 1 young (1024K), 1 survivors (1024K)
 Metaspace       used 4711K, capacity 4792K, committed 5120K, reserved 1056768K
  class space    used 395K, capacity 424K, committed 512K, reserved 1048576K
}
Event: 0.452 GC heap before
{Heap before GC invocations=2 (full 0):
 garbage-first heap   total 131072K, used 39135K [0x0000000081e00000, 0x0000000100000000)
  region size 1024K, 13 young (13312K), 1 survivors (1024K)
 Metaspace       used 5565K, capacity 5598K, committed 5888K, reserved 1056768K
  class space    used 443K, capacity 458K, committed 512K, reserved 1048576K
}
Event: 0.456 GC heap after
{Heap after GC invocations=3 (full 0):
 garbage-first heap   total 131072K, used 25600K [0x0000000081e00000, 0x0000000100000000)
  region size 1024K, 2 young (2048K), 2 survivors (2048K)
 Metaspace       used 5565K, capacity 5598K, committed 5888K, reserved 1056768K
  class space    used 443K, capacity 458K, committed 512K, reserved 1048576K
}
Event: 0.590 GC heap before
{Heap before GC invocations=3 (full 0):
 garbage-first heap   total 131072K, used 39936K [0x0000000081e00000, 0x0000000100000000)
  region size 1024K, 17 young (17408K), 2 survivors (2048K)
 Metaspace       used 7270K, capacity 7300K, committed 7552K, reserved 1056768K
  class space    used 603K, capacity 620K, committed 640K, reserved 1048576K
}
Event: 0.603 GC heap after
{Heap after GC invocations=4 (full 0):
 garbage-first heap   total 131072K, used 35018K [0x0000000081e00000, 0x0000000100000000)
  region size 1024K, 3 young (3072K), 3 survivors (3072K)
 Metaspace       used 7270K, capacity 7300K, committed 7552K, reserved 1056768K
  class space    used 603K, capacity 620K, committed 640K, reserved 1048576K
}
Event: 0.930 GC heap before
{Heap before GC invocations=4 (full 0):
 garbage-first heap   total 131072K, used 64714K [0x0000000081e00000, 0x0000000100000000)
  region size 1024K, 26 young (26624K), 3 survivors (3072K)
 Metaspace       used 10095K, capacity 10289K, committed 10496K, reserved 1058816K
  class space    used 936K, capacity 983K, committed 1024K, reserved 1048576K
}

Deoptimization events (20 events):
Event: 0.733 Thread 0x000001c06222b000 Uncommon trap: trap_request=0xffffff4d fr.pc=0x000001c0724940cc relative=0x000000000000018c
Event: 0.733 Thread 0x000001c06222b000 Uncommon trap: reason=unstable_if action=reinterpret pc=0x000001c0724940cc method=java.lang.String.startsWith(Ljava/lang/String;I)Z @ 87 c2
Event: 0.733 Thread 0x000001c06222b000 DEOPT PACKING pc=0x000001c0724940cc sp=0x00000015985fe570
Event: 0.733 Thread 0x000001c06222b000 DEOPT UNPACKING pc=0x000001c06a9da1af sp=0x00000015985fe4f0 mode 2
Event: 0.737 Thread 0x000001c06222b000 Uncommon trap: trap_request=0xffffff4d fr.pc=0x000001c072495370 relative=0x0000000000000430
Event: 0.737 Thread 0x000001c06222b000 Uncommon trap: reason=unstable_if action=reinterpret pc=0x000001c072495370 method=java.util.Hashtable.get(Ljava/lang/Object;)Ljava/lang/Object; @ 36 c2
Event: 0.737 Thread 0x000001c06222b000 DEOPT PACKING pc=0x000001c072495370 sp=0x00000015985fe540
Event: 0.737 Thread 0x000001c06222b000 DEOPT UNPACKING pc=0x000001c06a9da1af sp=0x00000015985fe4e8 mode 2
Event: 0.747 Thread 0x000001c06222b000 Uncommon trap: trap_request=0xffffff4d fr.pc=0x000001c072495920 relative=0x00000000000000e0
Event: 0.747 Thread 0x000001c06222b000 Uncommon trap: reason=unstable_if action=reinterpret pc=0x000001c072495920 method=java.lang.String.startsWith(Ljava/lang/String;I)Z @ 69 c2
Event: 0.747 Thread 0x000001c06222b000 DEOPT PACKING pc=0x000001c072495920 sp=0x00000015985fe2b0
Event: 0.747 Thread 0x000001c06222b000 DEOPT UNPACKING pc=0x000001c06a9da1af sp=0x00000015985fe1c0 mode 2
Event: 0.816 Thread 0x000001c06222b000 DEOPT PACKING pc=0x000001c06af9d124 sp=0x00000015985fac00
Event: 0.816 Thread 0x000001c06222b000 DEOPT UNPACKING pc=0x000001c06a9da95e sp=0x00000015985fa098 mode 0
Event: 0.886 Thread 0x000001c06222b000 DEOPT PACKING pc=0x000001c06af4d92e sp=0x00000015985fc7b0
Event: 0.886 Thread 0x000001c06222b000 DEOPT UNPACKING pc=0x000001c06a9da95e sp=0x00000015985fbc48 mode 0
Event: 0.890 Thread 0x000001c06222b000 Uncommon trap: trap_request=0xffffff4d fr.pc=0x000001c072459ed0 relative=0x0000000000000410
Event: 0.890 Thread 0x000001c06222b000 Uncommon trap: reason=unstable_if action=reinterpret pc=0x000001c072459ed0 method=java.util.jar.JarFile.match([B[B[B[B)I @ 18 c2
Event: 0.890 Thread 0x000001c06222b000 DEOPT PACKING pc=0x000001c072459ed0 sp=0x00000015985fc790
Event: 0.890 Thread 0x000001c06222b000 DEOPT UNPACKING pc=0x000001c06a9da1af sp=0x00000015985fc748 mode 2

Classes redefined (0 events):
No events

Internal exceptions (7 events):
Event: 0.540 Thread 0x000001c06222b000 Implicit null exception at 0x000001c07246d7ef to 0x000001c07246d8c4
Event: 0.836 Thread 0x000001c06222b000 Exception <a 'java/lang/NoSuchMethodError'{0x00000000896771c0}: 'int java.lang.invoke.DirectMethodHandle$Holder.invokeSpecialIFC(java.lang.Object, java.lang.Object, int)'> (0x00000000896771c0) thrown at [./src/hotspot/share/interpreter/linkResolver.cpp, line 773]
Event: 0.853 Thread 0x000001c06222b000 Exception <a 'java/lang/NoSuchMethodError'{0x00000000896e45f8}: 'java.lang.Object java.lang.invoke.DirectMethodHandle$Holder.invokeStatic(java.lang.Object, java.lang.Object, java.lang.Object, java.lang.Object, java.lang.Object, java.lang.Object, java.lang.Object, java.lang.Object, java.lang.Object, java.lang.Object, java.lang.Object, java.lang.Object, java.lang.Object, java.lang.Object, java.lang.Object)'> (0x00000000896e45f8) thrown at [./src/hotspot/share/interpreter/linkResolver.cpp, line 773]
Event: 0.854 Thread 0x000001c06222b000 Exception <a 'java/lang/NoSuchMethodError'{0x00000000896f25a8}: 'java.lang.Object java.lang.invoke.DirectMethodHandle$Holder.invokeStatic(java.lang.Object, java.lang.Object, java.lang.Object, java.lang.Object, java.lang.Object, java.lang.Object, java.lang.Object, java.lang.Object, java.lang.Object, java.lang.Object, java.lang.Object, java.lang.Object, java.lang.Object, java.lang.Object, java.lang.Object, java.lang.Object)'> (0x00000000896f25a8) thrown at [./src/hotspot/share/interpreter/linkResolver.cpp, l
Event: 0.856 Thread 0x000001c06222b000 Exception <a 'java/lang/NoSuchMethodError'{0x0000000089500470}: 'java.lang.Object java.lang.invoke.DirectMethodHandle$Holder.invokeSpecial(java.lang.Object, java.lang.Object, int, int, java.lang.Object, java.lang.Object, java.lang.Object)'> (0x0000000089500470) thrown at [./src/hotspot/share/interpreter/linkResolver.cpp, line 773]
Event: 0.856 Thread 0x000001c06222b000 Exception <a 'java/lang/NoSuchMethodError'{0x0000000089503c60}: 'java.lang.Object java.lang.invoke.DelegatingMethodHandle$Holder.reinvoke_L(java.lang.Object, int, int, java.lang.Object, java.lang.Object, java.lang.Object)'> (0x0000000089503c60) thrown at [./src/hotspot/share/interpreter/linkResolver.cpp, line 773]
Event: 0.856 Thread 0x000001c06222b000 Exception <a 'java/lang/NoSuchMethodError'{0x0000000089507fe8}: 'java.lang.Object java.lang.invoke.DirectMethodHandle$Holder.invokeStatic(java.lang.Object, java.lang.Object, java.lang.Object, java.lang.Object, int)'> (0x0000000089507fe8) thrown at [./src/hotspot/share/interpreter/linkResolver.cpp, line 773]

Events (20 events):
Event: 0.869 loading class sun/net/www/protocol/jar/JarFileFactory done
Event: 0.869 loading class sun/net/www/protocol/file/FileURLConnection
Event: 0.869 loading class sun/net/www/URLConnection
Event: 0.869 loading class sun/net/www/URLConnection done
Event: 0.869 loading class sun/net/www/protocol/file/FileURLConnection done
Event: 0.870 loading class sun/net/www/MessageHeader
Event: 0.870 loading class sun/net/www/MessageHeader done
Event: 0.870 loading class sun/net/www/protocol/jar/URLJarFile
Event: 0.870 loading class sun/net/www/protocol/jar/URLJarFile done
Event: 0.870 loading class sun/net/www/protocol/jar/URLJarFileCallBack
Event: 0.870 loading class sun/net/www/protocol/jar/URLJarFileCallBack done
Event: 0.870 loading class java/util/zip/ZipFile$CleanableResource$FinalizableResource
Event: 0.870 loading class java/util/zip/ZipFile$CleanableResource$FinalizableResource done
Event: 0.870 Executing VM operation: Deoptimize
Event: 0.870 Executing VM operation: Deoptimize done
Event: 0.892 loading class sun/net/www/protocol/jar/URLJarFile$URLJarFileEntry
Event: 0.892 loading class sun/net/www/protocol/jar/URLJarFile$URLJarFileEntry done
Event: 0.892 loading class sun/net/www/protocol/jar/JarURLConnection$JarURLInputStream
Event: 0.892 loading class sun/net/www/protocol/jar/JarURLConnection$JarURLInputStream done
Event: 0.930 Executing VM operation: G1CollectForAllocation


Dynamic libraries:
0x00007ff6fd9b0000 - 0x00007ff6fd9bd000 	C:\Program Files\Microsoft\jdk-11.0.16.101-hotspot\bin\java.exe
0x00007ffb8e6b0000 - 0x00007ffb8e8a8000 	C:\Windows\SYSTEM32\ntdll.dll
0x00007ffb8daf0000 - 0x00007ffb8dbaf000 	C:\Windows\System32\KERNEL32.DLL
0x00007ffb8c270000 - 0x00007ffb8c566000 	C:\Windows\System32\KERNELBASE.dll
0x00007ffb8be20000 - 0x00007ffb8bf20000 	C:\Windows\System32\ucrtbase.dll
0x00007ffb863e0000 - 0x00007ffb863f7000 	C:\Program Files\Microsoft\jdk-11.0.16.101-hotspot\bin\jli.dll
0x00007ffb8ceb0000 - 0x00007ffb8d04d000 	C:\Windows\System32\USER32.dll
0x00007ffb8c620000 - 0x00007ffb8c642000 	C:\Windows\System32\win32u.dll
0x00007ffb8cb00000 - 0x00007ffb8cb2c000 	C:\Windows\System32\GDI32.dll
0x00007ffb8c150000 - 0x00007ffb8c265000 	C:\Windows\System32\gdi32full.dll
0x00007ffb8bf20000 - 0x00007ffb8bfbd000 	C:\Windows\System32\msvcp_win.dll
0x00007ffb75d30000 - 0x00007ffb75fca000 	C:\Windows\WinSxS\amd64_microsoft.windows.common-controls_6595b64144ccf1df_6.0.19041.1110_none_60b5254171f9507e\COMCTL32.dll
0x00007ffb8cd60000 - 0x00007ffb8cdfe000 	C:\Windows\System32\msvcrt.dll
0x00007ffb82de0000 - 0x00007ffb82df5000 	C:\Program Files\Microsoft\jdk-11.0.16.101-hotspot\bin\VCRUNTIME140.dll
0x00007ffb8cad0000 - 0x00007ffb8cb00000 	C:\Windows\System32\IMM32.DLL
0x00007ffb72a40000 - 0x00007ffb72adb000 	C:\Program Files\Microsoft\jdk-11.0.16.101-hotspot\bin\msvcp140.dll
0x00007ffb579c0000 - 0x00007ffb5854a000 	C:\Program Files\Microsoft\jdk-11.0.16.101-hotspot\bin\server\jvm.dll
0x00007ffb8ce00000 - 0x00007ffb8ceaf000 	C:\Windows\System32\ADVAPI32.dll
0x00007ffb8cc60000 - 0x00007ffb8ccfc000 	C:\Windows\System32\sechost.dll
0x00007ffb8d760000 - 0x00007ffb8d886000 	C:\Windows\System32\RPCRT4.dll
0x00007ffb8d9b0000 - 0x00007ffb8d9b8000 	C:\Windows\System32\PSAPI.DLL
0x00007ffb5cca0000 - 0x00007ffb5cca9000 	C:\Windows\SYSTEM32\WSOCK32.dll
0x00007ffb78af0000 - 0x00007ffb78b17000 	C:\Windows\SYSTEM32\WINMM.dll
0x00007ffb8d690000 - 0x00007ffb8d6fb000 	C:\Windows\System32\WS2_32.dll
0x00007ffb781d0000 - 0x00007ffb781da000 	C:\Windows\SYSTEM32\VERSION.dll
0x00007ffb8a580000 - 0x00007ffb8a592000 	C:\Windows\SYSTEM32\kernel.appcore.dll
0x00007ffb87600000 - 0x00007ffb87610000 	C:\Program Files\Microsoft\jdk-11.0.16.101-hotspot\bin\verify.dll
0x00007ffb89980000 - 0x00007ffb89b64000 	C:\Windows\SYSTEM32\DBGHELP.DLL
0x00007ffb78150000 - 0x00007ffb78184000 	C:\Windows\SYSTEM32\dbgcore.DLL
0x00007ffb8bd90000 - 0x00007ffb8be12000 	C:\Windows\System32\bcryptPrimitives.dll
0x00007ffb82560000 - 0x00007ffb82588000 	C:\Program Files\Microsoft\jdk-11.0.16.101-hotspot\bin\java.dll
0x00007ffb85c60000 - 0x00007ffb85c6a000 	C:\Program Files\Microsoft\jdk-11.0.16.101-hotspot\bin\jimage.dll
0x00007ffb81770000 - 0x00007ffb81788000 	C:\Program Files\Microsoft\jdk-11.0.16.101-hotspot\bin\zip.dll
0x00007ffb8dbb0000 - 0x00007ffb8e2f4000 	C:\Windows\System32\SHELL32.dll
0x00007ffb89dd0000 - 0x00007ffb8a563000 	C:\Windows\SYSTEM32\windows.storage.dll
0x00007ffb8c710000 - 0x00007ffb8ca64000 	C:\Windows\System32\combase.dll
0x00007ffb8b770000 - 0x00007ffb8b79e000 	C:\Windows\SYSTEM32\Wldp.dll
0x00007ffb8da20000 - 0x00007ffb8dacd000 	C:\Windows\System32\SHCORE.dll
0x00007ffb8cd00000 - 0x00007ffb8cd55000 	C:\Windows\System32\shlwapi.dll
0x00007ffb8bcd0000 - 0x00007ffb8bcef000 	C:\Windows\SYSTEM32\profapi.dll
0x00007ffb73b80000 - 0x00007ffb73b99000 	C:\Program Files\Microsoft\jdk-11.0.16.101-hotspot\bin\net.dll
0x00007ffb843f0000 - 0x00007ffb844fa000 	C:\Windows\SYSTEM32\WINHTTP.dll
0x00007ffb8b500000 - 0x00007ffb8b56a000 	C:\Windows\system32\mswsock.dll
0x00007ffb73a10000 - 0x00007ffb73a23000 	C:\Program Files\Microsoft\jdk-11.0.16.101-hotspot\bin\nio.dll

dbghelp: loaded successfully - version: 4.0.5 - missing functions: none
symbol engine: initialized successfully - sym options: 0x614 - pdb path: .;C:\Program Files\Microsoft\jdk-11.0.16.101-hotspot\bin;C:\Windows\SYSTEM32;C:\Windows\WinSxS\amd64_microsoft.windows.common-controls_6595b64144ccf1df_6.0.19041.1110_none_60b5254171f9507e;C:\Program Files\Microsoft\jdk-11.0.16.101-hotspot\bin\server

VM Arguments:
java_command: com.xamarin.manifestmerger.Main obj\Debug\130\android\manifestmerger.rsp
java_class_path (initial): C:\Program Files\Microsoft Visual Studio\2022\Community\MSBuild\Xamarin\Android\manifestmerger.jar
Launcher Type: SUN_STANDARD

[Global flags]
     intx CICompilerCount                          = 3                                         {product} {ergonomic}
     uint ConcGCThreads                            = 1                                         {product} {ergonomic}
     uint G1ConcRefinementThreads                  = 4                                         {product} {ergonomic}
   size_t G1HeapRegionSize                         = 1048576                                   {product} {ergonomic}
    uintx GCDrainStackTargetSize                   = 64                                        {product} {ergonomic}
   size_t InitialHeapSize                          = 134217728                                 {product} {ergonomic}
   size_t MarkStackSize                            = 4194304                                   {product} {ergonomic}
   size_t MaxHeapSize                              = 2116026368                                {product} {ergonomic}
   size_t MaxNewSize                               = 1268776960                                {product} {ergonomic}
   size_t MinHeapDeltaBytes                        = 1048576                                   {product} {ergonomic}
    uintx NonNMethodCodeHeapSize                   = 5830732                                {pd product} {ergonomic}
    uintx NonProfiledCodeHeapSize                  = 122913754                              {pd product} {ergonomic}
    uintx ProfiledCodeHeapSize                     = 122913754                              {pd product} {ergonomic}
    uintx ReservedCodeCacheSize                    = 251658240                              {pd product} {ergonomic}
     bool SegmentedCodeCache                       = true                                      {product} {ergonomic}
     bool UseCompressedClassPointers               = true                                 {lp64_product} {ergonomic}
     bool UseCompressedOops                        = true                                 {lp64_product} {ergonomic}
     bool UseG1GC                                  = true                                      {product} {ergonomic}
     bool UseLargePagesIndividualAllocation        = false                                  {pd product} {ergonomic}

Logging:
Log output configuration:
 #0: stdout all=warning uptime,level,tags
 #1: stderr all=off uptime,level,tags

Environment Variables:
JAVA_HOME=C:\Program Files\Microsoft\jdk-11.0.16.101-hotspot
PATH=C:\Program Files\Common Files\Oracle\Java\javapath;C:\Program Files (x86)\Common Files\Oracle\Java\javapath;C:\Program Files\Microsoft\jdk-11.0.16.101-hotspot\bin;C:\Program Files (x86)\Intel\iCLS Client\;C:\Program Files\Intel\iCLS Client\;C:\Windows\system32;C:\Windows;C:\Windows\System32\Wbem;C:\Windows\System32\WindowsPowerShell\v1.0\;C:\Windows\System32\OpenSSH\;C:\Program Files (x86)\Intel\Intel(R) Management Engine Components\DAL;C:\Program Files\Intel\Intel(R) Management Engine Components\DAL;C:\Program Files (x86)\Intel\Intel(R) Management Engine Components\IPT;C:\Program Files\Intel\Intel(R) Management Engine Components\IPT;E:\ApplicationApp\Git\cmd;C:\Program Files\Microsoft SQL Server\150\Tools\Binn\;C:\Program Files\Microsoft SQL Server\130\Tools\Binn\;C:\xampp\mysql\bin;C:\msys64\mingw64\bin;C:\msys64\mingw64\include;C:\Program Files\Microsoft SQL Server\Client SDK\ODBC\170\Tools\Binn\;C:\Program Files\dotnet\;C:\Program Files\MySQL\MySQL Shell 8.0\bin\;C:\Users\admin\AppData\Local\Microsoft\WindowsApps;C:\Users\admin\AppData\Local\Programs\Microsoft VS Code\bin;C:\msys64\mingw64\bin;C:\msys64\mingw64\include;C:\src\flutter\bin;C:\Windows\System32;C:\xampp\php;C:\Users\admin\AppData\Local\Programs\Python\Python311\Scripts;C:\Users\admin\AppData\Roaming\Python\Python311\Scripts;C:\Users\admin\.dotnet\tools
USERNAME=Line's laptop
OS=Windows_NT
PROCESSOR_IDENTIFIER=Intel64 Family 6 Model 142 Stepping 10, GenuineIntel
TMP=C:\Users\admin\AppData\Local\Temp
TEMP=C:\Users\admin\AppData\Local\Temp



---------------  S Y S T E M  ---------------

OS: Windows 10 , 64 bit Build 19041 (10.0.19041.2913)
OS uptime: 0 days 1:15 hours
Hyper-V role detected

CPU:total 4 (initial active 4) (2 cores per cpu, 2 threads per core) family 6 model 142 stepping 10 microcode 0xb4, cmov, cx8, fxsr, mmx, sse, sse2, sse3, ssse3, sse4.1, sse4.2, popcnt, avx, avx2, aes, clmul, erms, 3dnowpref, lzcnt, ht, tsc, tscinvbit, bmi1, bmi2, adx, fma

Memory: 4k page, system-wide physical 8071M (994M free)
TotalPageFile size 8071M (AvailPageFile size 15M)
current process WorkingSet (physical memory assigned to process): 121M, peak: 121M
current process commit charge ("private bytes"): 215M, peak: 350M

vm_info: OpenJDK 64-Bit Server VM (11.0.16.1+1-LTS) for windows-amd64 JRE (11.0.16.1+1-LTS), built on Aug 20 2022 20:09:04 by "" with MS VC++ 15.9 (VS2017)

END.
