#
# There is insufficient memory for the Java Runtime Environment to continue.
# Native memory allocation (malloc) failed to allocate 237296 bytes for Chunk::new
# Possible reasons:
#   The system is out of physical RAM or swap space
#   The process is running with CompressedOops enabled, and the Java Heap may be blocking the growth of the native heap
# Possible solutions:
#   Reduce memory load on the system
#   Increase physical memory or swap space
#   Check if swap backing store is full
#   Decrease Java heap size (-Xmx/-Xms)
#   Decrease number of Java threads
#   Decrease Java thread stack sizes (-Xss)
#   Set larger code cache with -XX:ReservedCodeCacheSize=
#   JVM is running with Unscaled Compressed Oops mode in which the Java heap is
#     placed in the first 4GB address space. The Java Heap base address is the
#     maximum limit for the native heap growth. Please use -XX:HeapBaseMinAddress
#     to set the Java Heap base and to place the Java Heap above 4GB virtual address.
# This output file may be truncated or incomplete.
#
#  Out of Memory Error (./src/hotspot/share/memory/arena.cpp:197), pid=1988, tid=2260
#
# JRE version: OpenJDK Runtime Environment Microsoft-40648 (11.0.16.1+1) (build 11.0.16.1+1-LTS)
# Java VM: OpenJDK 64-Bit Server VM Microsoft-40648 (11.0.16.1+1-LTS, mixed mode, tiered, compressed oops, g1 gc, windows-amd64)
# No core dump will be written. Minidumps are not enabled by default on client versions of Windows
#

---------------  S U M M A R Y ------------

Command Line: -Dapplication.home=C:\Program Files\Microsoft\jdk-11.0.16.101-hotspot --add-modules=ALL-DEFAULT -Xms8m -Djdk.module.main=jdk.compiler jdk.compiler/com.sun.tools.javac.Main -version

Host: Intel(R) Core(TM) i3-8130U CPU @ 2.20GHz, 4 cores, 7G,  Windows 10 , 64 bit Build 19041 (10.0.19041.2913)
Time: Fri Jun  2 02:04:15 2023 SE Asia Standard Time elapsed time: 0.179803 seconds (0d 0h 0m 0s)

---------------  T H R E A D  ---------------

Current thread (0x00000176f5922800):  JavaThread "C2 CompilerThread0" daemon [_thread_in_native, id=2260, stack(0x0000005b09d00000,0x0000005b09e00000)]


Current CompileTask:
C2:    179  240       4       java.util.HashMap::putVal (300 bytes)

Stack: [0x0000005b09d00000,0x0000005b09e00000]
Native frames: (J=compiled Java code, j=interpreted, Vv=VM code, C=native code)
V  [jvm.dll+0x62652a]
V  [jvm.dll+0x7b3249]
V  [jvm.dll+0x7b4938]
V  [jvm.dll+0x7b5013]
V  [jvm.dll+0x24fca8]
V  [jvm.dll+0xc262c]
V  [jvm.dll+0xc2bec]
V  [jvm.dll+0x359e32]
V  [jvm.dll+0x326003]
V  [jvm.dll+0x32533a]
V  [jvm.dll+0x208fd5]
V  [jvm.dll+0x2080fd]
V  [jvm.dll+0x18a411]
V  [jvm.dll+0x217954]
V  [jvm.dll+0x215b9b]
V  [jvm.dll+0x775d50]
V  [jvm.dll+0x76ec84]
V  [jvm.dll+0x625395]
C  [ucrtbase.dll+0x21bb2]
C  [KERNEL32.DLL+0x17614]
C  [ntdll.dll+0x526a1]


---------------  P R O C E S S  ---------------

Threads class SMR info:
_java_thread_list=0x00000176f5ba1ce0, length=10, elements={
0x00000176d6229800, 0x00000176f58bc800, 0x00000176f58c5800, 0x00000176f5919000,
0x00000176f591b800, 0x00000176f591c800, 0x00000176f5922800, 0x00000176f5927000,
0x00000176f5930000, 0x00000176f5ba4800
}

Java Threads: ( => current thread )
  0x00000176d6229800 JavaThread "main" [_thread_blocked, id=11028, stack(0x0000005b09100000,0x0000005b09200000)]
  0x00000176f58bc800 JavaThread "Reference Handler" daemon [_thread_blocked, id=9424, stack(0x0000005b09800000,0x0000005b09900000)]
  0x00000176f58c5800 JavaThread "Finalizer" daemon [_thread_blocked, id=3936, stack(0x0000005b09900000,0x0000005b09a00000)]
  0x00000176f5919000 JavaThread "Signal Dispatcher" daemon [_thread_blocked, id=4208, stack(0x0000005b09a00000,0x0000005b09b00000)]
  0x00000176f591b800 JavaThread "Attach Listener" daemon [_thread_blocked, id=6832, stack(0x0000005b09b00000,0x0000005b09c00000)]
  0x00000176f591c800 JavaThread "Service Thread" daemon [_thread_blocked, id=2420, stack(0x0000005b09c00000,0x0000005b09d00000)]
=>0x00000176f5922800 JavaThread "C2 CompilerThread0" daemon [_thread_in_native, id=2260, stack(0x0000005b09d00000,0x0000005b09e00000)]
  0x00000176f5927000 JavaThread "C1 CompilerThread0" daemon [_thread_blocked, id=9692, stack(0x0000005b09e00000,0x0000005b09f00000)]
  0x00000176f5930000 JavaThread "Sweeper thread" daemon [_thread_blocked, id=10008, stack(0x0000005b09f00000,0x0000005b0a000000)]
  0x00000176f5ba4800 JavaThread "Common-Cleaner" daemon [_thread_blocked, id=2400, stack(0x0000005b0a000000,0x0000005b0a100000)]

Other Threads:
  0x00000176f58b9000 VMThread "VM Thread" [stack: 0x0000005b09700000,0x0000005b09800000] [id=2232]
  0x00000176f5c4b000 WatcherThread [stack: 0x0000005b0a100000,0x0000005b0a200000] [id=9276]
  0x00000176d6243800 GCTaskThread "GC Thread#0" [stack: 0x0000005b09200000,0x0000005b09300000] [id=8348]
  0x00000176f5d3c000 GCTaskThread "GC Thread#1" [stack: 0x0000005b0a200000,0x0000005b0a300000] [id=1928]
  0x00000176d6276800 ConcurrentGCThread "G1 Main Marker" [stack: 0x0000005b09300000,0x0000005b09400000] [id=11216]
  0x00000176d6279000 ConcurrentGCThread "G1 Conc#0" [stack: 0x0000005b09400000,0x0000005b09500000] [id=2920]
  0x00000176d6291000 ConcurrentGCThread "G1 Refine#0" [stack: 0x0000005b09500000,0x0000005b09600000] [id=2788]
  0x00000176d6292000 ConcurrentGCThread "G1 Young RemSet Sampling" [stack: 0x0000005b09600000,0x0000005b09700000] [id=6812]

Threads with active compile tasks:
C2 CompilerThread0      202  240       4       java.util.HashMap::putVal (300 bytes)

VM state:at safepoint (normal execution)

VM Mutex/Monitor currently owned by a thread:  ([mutex/lock_event])
[0x00000176d6226f20] Threads_lock - owner thread: 0x00000176f58b9000
[0x00000176d6227280] Heap_lock - owner thread: 0x00000176d6229800

Heap address: 0x0000000081e00000, size: 2018 MB, Compressed Oops mode: 32-bit
Narrow klass base: 0x0000000000000000, Narrow klass shift: 3
Compressed class space size: 1073741824 Address: 0x0000000100000000

Heap:
 garbage-first heap   total 8192K, used 2026K [0x0000000081e00000, 0x0000000100000000)
  region size 1024K, 3 young (3072K), 1 survivors (1024K)
 Metaspace       used 6330K, capacity 6507K, committed 6528K, reserved 1062912K
  class space    used 572K, capacity 621K, committed 640K, reserved 1048576K
Heap Regions: E=young(eden), S=young(survivor), O=old, HS=humongous(starts), HC=humongous(continues), CS=collection set, F=free, A=archive, TAMS=top-at-mark-start (previous, next)
|   0|0x0000000081e00000, 0x0000000081e00000, 0x0000000081f00000|  0%| F|  |TAMS 0x0000000081e00000, 0x0000000081e00000| Untracked 
|   1|0x0000000081f00000, 0x0000000081f00000, 0x0000000082000000|  0%| F|  |TAMS 0x0000000081f00000, 0x0000000081f00000| Untracked 
|   2|0x0000000082000000, 0x0000000082000000, 0x0000000082100000|  0%| F|  |TAMS 0x0000000082000000, 0x0000000082000000| Untracked 
|   3|0x0000000082100000, 0x0000000082100000, 0x0000000082200000|  0%| F|  |TAMS 0x0000000082100000, 0x0000000082100000| Untracked 
|   4|0x0000000082200000, 0x0000000082200000, 0x0000000082300000|  0%| F|  |TAMS 0x0000000082200000, 0x0000000082200000| Untracked 
|   5|0x0000000082300000, 0x00000000823e50b0, 0x0000000082400000| 89%| S|  |TAMS 0x0000000082300000, 0x0000000082300000| Complete 
|   6|0x0000000082400000, 0x00000000824fa980, 0x0000000082500000| 97%| E|CS|TAMS 0x0000000082400000, 0x00000000824fa980| Complete 
|   7|0x0000000082500000, 0x0000000082600000, 0x0000000082600000|100%| E|CS|TAMS 0x0000000082500000, 0x0000000082600000| Complete 

Card table byte_map: [0x00000176ee3b0000,0x00000176ee7b0000] _byte_map_base: 0x00000176edfa1000

Marking Bits (Prev, Next): (CMBitMap*) 0x00000176d626e0b8, (CMBitMap*) 0x00000176d626e0f0
 Prev Bits: [0x00000176eebb0000, 0x00000176f0b38000)
 Next Bits: [0x00000176f0b40000, 0x00000176f2ac8000)

Polling page: 0x00000176d4a00000

Metaspace:

Usage:
  Non-class:      5.75 MB capacity,     5.62 MB ( 98%) used,   123.88 KB (  2%) free+waste,     4.50 KB ( <1%) overhead. 
      Class:    621.00 KB capacity,   572.48 KB ( 92%) used,    45.96 KB (  7%) free+waste,     2.56 KB ( <1%) overhead. 
       Both:      6.35 MB capacity,     6.18 MB ( 97%) used,   169.84 KB (  3%) free+waste,     7.06 KB ( <1%) overhead. 

Virtual space:
  Non-class space:       14.00 MB reserved,       5.75 MB ( 41%) committed 
      Class space:        1.00 GB reserved,     640.00 KB ( <1%) committed 
             Both:        1.01 GB reserved,       6.38 MB ( <1%) committed 

Chunk freelists:
   Non-Class:  2.00 KB
       Class:  19.00 KB
        Both:  21.00 KB

MaxMetaspaceSize: 17179869184.00 GB
CompressedClassSpaceSize: 1.00 GB
Initial GC threshold: 20.80 MB
Current GC threshold: 20.80 MB
CDS: off

CodeHeap 'non-profiled nmethods': size=120064Kb used=79Kb max_used=79Kb free=119984Kb
 bounds [0x00000176e6450000, 0x00000176e66c0000, 0x00000176ed990000]
CodeHeap 'profiled nmethods': size=120000Kb used=333Kb max_used=333Kb free=119666Kb
 bounds [0x00000176def20000, 0x00000176df190000, 0x00000176e6450000]
CodeHeap 'non-nmethods': size=5696Kb used=1066Kb max_used=1075Kb free=4629Kb
 bounds [0x00000176de990000, 0x00000176dec00000, 0x00000176def20000]
 total_blobs=577 nmethods=276 adapters=214
 compilation: enabled
              stopped_count=0, restarted_count=0
 full_count=0

Compilation events (20 events):
Event: 0.170 Thread 0x00000176f5927000 nmethod 243 0x00000176def66490 code [0x00000176def666a0, 0x00000176def66cc8]
Event: 0.170 Thread 0x00000176f5927000  242       3       java.util.regex.CharPredicates::lambda$ASCII_SPACE$17 (20 bytes)
Event: 0.171 Thread 0x00000176f5927000 nmethod 242 0x00000176def66f10 code [0x00000176def670e0, 0x00000176def67458]
Event: 0.171 Thread 0x00000176f5927000  244       3       java.util.regex.Pattern::has (15 bytes)
Event: 0.171 Thread 0x00000176f5927000 nmethod 244 0x00000176def67590 code [0x00000176def67740, 0x00000176def67898]
Event: 0.172 Thread 0x00000176f5927000  245       3       java.util.regex.Pattern::peek (26 bytes)
Event: 0.172 Thread 0x00000176f5927000 nmethod 245 0x00000176def67910 code [0x00000176def67ae0, 0x00000176def67d48]
Event: 0.173 Thread 0x00000176f5927000  246       1       java.util.LinkedHashMap::removeEldestEntry (2 bytes)
Event: 0.173 Thread 0x00000176f5927000 nmethod 246 0x00000176e6462690 code [0x00000176e6462840, 0x00000176e64628f8]
Event: 0.174 Thread 0x00000176f5927000  247       3       java.lang.Enum::<init> (15 bytes)
Event: 0.174 Thread 0x00000176f5927000 nmethod 247 0x00000176def67e90 code [0x00000176def68040, 0x00000176def681f8]
Event: 0.175 Thread 0x00000176f5927000  248       3       java.lang.invoke.MethodType::parameterType (7 bytes)
Event: 0.175 Thread 0x00000176f5927000 nmethod 248 0x00000176def68290 code [0x00000176def68440, 0x00000176def68578]
Event: 0.176 Thread 0x00000176f5927000  250       1       java.lang.invoke.MethodHandle::type (5 bytes)
Event: 0.176 Thread 0x00000176f5927000 nmethod 250 0x00000176e6462c90 code [0x00000176e6462e40, 0x00000176e6462ef8]
Event: 0.176 Thread 0x00000176f5927000  252       3       jdk.internal.org.objectweb.asm.ClassWriter::put (152 bytes)
Event: 0.177 Thread 0x00000176f5927000 nmethod 252 0x00000176def68610 code [0x00000176def68840, 0x00000176def69098]
Event: 0.178 Thread 0x00000176f5927000  253       3       java.lang.String::lastIndexOf (12 bytes)
Event: 0.178 Thread 0x00000176f5927000 nmethod 253 0x00000176def69390 code [0x00000176def69580, 0x00000176def69958]
Event: 0.178 Thread 0x00000176f5927000  254       3       java.lang.String::lastIndexOf (29 bytes)

GC Heap History (0 events):
No events

Deoptimization events (16 events):
Event: 0.167 Thread 0x00000176d6229800 Uncommon trap: trap_request=0xffffffde fr.pc=0x00000176e645dea4 relative=0x0000000000000aa4
Event: 0.167 Thread 0x00000176d6229800 Uncommon trap: reason=class_check action=maybe_recompile pc=0x00000176e645dea4 method=java.util.HashMap.putVal(ILjava/lang/Object;Ljava/lang/Object;ZZ)Ljava/lang/Object; @ 152 c2
Event: 0.167 Thread 0x00000176d6229800 DEOPT PACKING pc=0x00000176e645dea4 sp=0x0000005b091fd910
Event: 0.167 Thread 0x00000176d6229800 DEOPT UNPACKING pc=0x00000176de9da1af sp=0x0000005b091fd890 mode 2
Event: 0.168 Thread 0x00000176d6229800 Uncommon trap: trap_request=0xffffffde fr.pc=0x00000176e645dea4 relative=0x0000000000000aa4
Event: 0.168 Thread 0x00000176d6229800 Uncommon trap: reason=class_check action=maybe_recompile pc=0x00000176e645dea4 method=java.util.HashMap.putVal(ILjava/lang/Object;Ljava/lang/Object;ZZ)Ljava/lang/Object; @ 152 c2
Event: 0.168 Thread 0x00000176d6229800 DEOPT PACKING pc=0x00000176e645dea4 sp=0x0000005b091fda20
Event: 0.168 Thread 0x00000176d6229800 DEOPT UNPACKING pc=0x00000176de9da1af sp=0x0000005b091fd9a0 mode 2
Event: 0.168 Thread 0x00000176d6229800 Uncommon trap: trap_request=0xffffffde fr.pc=0x00000176e645dea4 relative=0x0000000000000aa4
Event: 0.168 Thread 0x00000176d6229800 Uncommon trap: reason=class_check action=maybe_recompile pc=0x00000176e645dea4 method=java.util.HashMap.putVal(ILjava/lang/Object;Ljava/lang/Object;ZZ)Ljava/lang/Object; @ 152 c2
Event: 0.168 Thread 0x00000176d6229800 DEOPT PACKING pc=0x00000176e645dea4 sp=0x0000005b091fda20
Event: 0.168 Thread 0x00000176d6229800 DEOPT UNPACKING pc=0x00000176de9da1af sp=0x0000005b091fd9a0 mode 2
Event: 0.168 Thread 0x00000176d6229800 Uncommon trap: trap_request=0xffffffde fr.pc=0x00000176e645dea4 relative=0x0000000000000aa4
Event: 0.168 Thread 0x00000176d6229800 Uncommon trap: reason=class_check action=maybe_recompile pc=0x00000176e645dea4 method=java.util.HashMap.putVal(ILjava/lang/Object;Ljava/lang/Object;ZZ)Ljava/lang/Object; @ 152 c2
Event: 0.168 Thread 0x00000176d6229800 DEOPT PACKING pc=0x00000176e645dea4 sp=0x0000005b091fda20
Event: 0.168 Thread 0x00000176d6229800 DEOPT UNPACKING pc=0x00000176de9da1af sp=0x0000005b091fd9a0 mode 2

Classes redefined (0 events):
No events

Internal exceptions (0 events):
No events

Events (20 events):
Event: 0.175 loading class java/util/Spliterators$ArraySpliterator
Event: 0.175 loading class java/util/Spliterators$ArraySpliterator done
Event: 0.175 loading class com/sun/tools/javac/main/Option$OptionGroup
Event: 0.175 loading class com/sun/tools/javac/main/Option$OptionGroup done
Event: 0.175 loading class com/sun/tools/javac/main/Option
Event: 0.175 loading class com/sun/tools/javac/main/Option done
Event: 0.175 loading class com/sun/tools/javac/main/Option$OptionGroup
Event: 0.175 loading class com/sun/tools/javac/main/Option$OptionGroup done
Event: 0.177 loading class java/util/JumboEnumSet
Event: 0.177 loading class java/util/JumboEnumSet done
Event: 0.178 loading class com/sun/tools/javac/util/Context
Event: 0.178 loading class com/sun/tools/javac/util/Context done
Event: 0.178 loading class com/sun/tools/javac/util/Context
Event: 0.178 loading class com/sun/tools/javac/util/Context done
Event: 0.178 loading class sun/invoke/util/VerifyAccess$1
Event: 0.178 loading class sun/invoke/util/VerifyAccess$1 done
Event: 0.178 loading class com/sun/tools/javac/util/Context
Event: 0.178 loading class com/sun/tools/javac/util/Context done
Event: 0.178 loading class com/sun/tools/javac/util/Context$Factory
Event: 0.178 loading class com/sun/tools/javac/util/Context$Factory done


Dynamic libraries:
0x00007ff703860000 - 0x00007ff703867000 	C:\Program Files\Microsoft\jdk-11.0.16.101-hotspot\bin\javac.exe
0x00007fff3fa90000 - 0x00007fff3fc88000 	C:\Windows\SYSTEM32\ntdll.dll
0x00007fff3df60000 - 0x00007fff3e01f000 	C:\Windows\System32\KERNEL32.DLL
0x00007fff3d7f0000 - 0x00007fff3dae6000 	C:\Windows\System32\KERNELBASE.dll
0x00007fff3d520000 - 0x00007fff3d620000 	C:\Windows\System32\ucrtbase.dll
0x00007fff10030000 - 0x00007fff10045000 	C:\Program Files\Microsoft\jdk-11.0.16.101-hotspot\bin\VCRUNTIME140.dll
0x00007fff12990000 - 0x00007fff129a7000 	C:\Program Files\Microsoft\jdk-11.0.16.101-hotspot\bin\jli.dll
0x00007fff3f370000 - 0x00007fff3f50d000 	C:\Windows\System32\USER32.dll
0x00007fff3d2a0000 - 0x00007fff3d2c2000 	C:\Windows\System32\win32u.dll
0x00007fff27530000 - 0x00007fff277ca000 	C:\Windows\WinSxS\amd64_microsoft.windows.common-controls_6595b64144ccf1df_6.0.19041.1110_none_60b5254171f9507e\COMCTL32.dll
0x00007fff3ea60000 - 0x00007fff3ea8c000 	C:\Windows\System32\GDI32.dll
0x00007fff3d320000 - 0x00007fff3d435000 	C:\Windows\System32\gdi32full.dll
0x00007fff3d200000 - 0x00007fff3d29d000 	C:\Windows\System32\msvcp_win.dll
0x00007fff3f6f0000 - 0x00007fff3f78e000 	C:\Windows\System32\msvcrt.dll
0x00007fff3f320000 - 0x00007fff3f350000 	C:\Windows\System32\IMM32.DLL
0x00007ffef3ea0000 - 0x00007ffef3f3b000 	C:\Program Files\Microsoft\jdk-11.0.16.101-hotspot\bin\msvcp140.dll
0x00007ffe8c200000 - 0x00007ffe8cd8a000 	C:\Program Files\Microsoft\jdk-11.0.16.101-hotspot\bin\server\jvm.dll
0x00007fff3f270000 - 0x00007fff3f31f000 	C:\Windows\System32\ADVAPI32.dll
0x00007fff3e9c0000 - 0x00007fff3ea5c000 	C:\Windows\System32\sechost.dll
0x00007fff3f7f0000 - 0x00007fff3f916000 	C:\Windows\System32\RPCRT4.dll
0x00007fff3f180000 - 0x00007fff3f188000 	C:\Windows\System32\PSAPI.DLL
0x00007fff27dd0000 - 0x00007fff27df7000 	C:\Windows\SYSTEM32\WINMM.dll
0x00007fff240b0000 - 0x00007fff240b9000 	C:\Windows\SYSTEM32\WSOCK32.dll
0x00007fff29900000 - 0x00007fff2990a000 	C:\Windows\SYSTEM32\VERSION.dll
0x00007fff3f0b0000 - 0x00007fff3f11b000 	C:\Windows\System32\WS2_32.dll
0x00007fff3b960000 - 0x00007fff3b972000 	C:\Windows\SYSTEM32\kernel.appcore.dll
0x00007fff13620000 - 0x00007fff13630000 	C:\Program Files\Microsoft\jdk-11.0.16.101-hotspot\bin\verify.dll
0x00007fff3ad60000 - 0x00007fff3af44000 	C:\Windows\SYSTEM32\DBGHELP.DLL
0x00007fff29a90000 - 0x00007fff29ac4000 	C:\Windows\SYSTEM32\dbgcore.DLL
0x00007fff3d170000 - 0x00007fff3d1f2000 	C:\Windows\System32\bcryptPrimitives.dll
0x00007fff0a1d0000 - 0x00007fff0a1f8000 	C:\Program Files\Microsoft\jdk-11.0.16.101-hotspot\bin\java.dll
0x00007fff12980000 - 0x00007fff1298a000 	C:\Program Files\Microsoft\jdk-11.0.16.101-hotspot\bin\jimage.dll
0x00007fff10010000 - 0x00007fff10028000 	C:\Program Files\Microsoft\jdk-11.0.16.101-hotspot\bin\zip.dll
0x00007fff3e270000 - 0x00007fff3e9b4000 	C:\Windows\System32\SHELL32.dll
0x00007fff3b1b0000 - 0x00007fff3b943000 	C:\Windows\SYSTEM32\windows.storage.dll
0x00007fff3ed50000 - 0x00007fff3f0a4000 	C:\Windows\System32\combase.dll
0x00007fff3cb60000 - 0x00007fff3cb8e000 	C:\Windows\SYSTEM32\Wldp.dll
0x00007fff3ebc0000 - 0x00007fff3ec6d000 	C:\Windows\System32\SHCORE.dll
0x00007fff3f790000 - 0x00007fff3f7e5000 	C:\Windows\System32\shlwapi.dll
0x00007fff3d0b0000 - 0x00007fff3d0cf000 	C:\Windows\SYSTEM32\profapi.dll

dbghelp: loaded successfully - version: 4.0.5 - missing functions: none
symbol engine: initialized successfully - sym options: 0x614 - pdb path: .;C:\Program Files\Microsoft\jdk-11.0.16.101-hotspot\bin;C:\Windows\SYSTEM32;C:\Windows\WinSxS\amd64_microsoft.windows.common-controls_6595b64144ccf1df_6.0.19041.1110_none_60b5254171f9507e;C:\Program Files\Microsoft\jdk-11.0.16.101-hotspot\bin\server

VM Arguments:
jvm_args: -Dapplication.home=C:\Program Files\Microsoft\jdk-11.0.16.101-hotspot --add-modules=ALL-DEFAULT -Xms8m -Djdk.module.main=jdk.compiler 
java_command: jdk.compiler/com.sun.tools.javac.Main -version
java_class_path (initial): <not set>
Launcher Type: SUN_STANDARD

[Global flags]
     intx CICompilerCount                          = 3                                         {product} {ergonomic}
     uint ConcGCThreads                            = 1                                         {product} {ergonomic}
     uint G1ConcRefinementThreads                  = 4                                         {product} {ergonomic}
   size_t G1HeapRegionSize                         = 1048576                                   {product} {ergonomic}
    uintx GCDrainStackTargetSize                   = 64                                        {product} {ergonomic}
   size_t InitialHeapSize                          = 8388608                                   {product} {command line}
   size_t MarkStackSize                            = 4194304                                   {product} {ergonomic}
   size_t MaxHeapSize                              = 2116026368                                {product} {ergonomic}
   size_t MaxNewSize                               = 1268776960                                {product} {ergonomic}
   size_t MinHeapDeltaBytes                        = 1048576                                   {product} {ergonomic}
    uintx NonNMethodCodeHeapSize                   = 5830732                                {pd product} {ergonomic}
    uintx NonProfiledCodeHeapSize                  = 122913754                              {pd product} {ergonomic}
    uintx ProfiledCodeHeapSize                     = 122913754                              {pd product} {ergonomic}
    uintx ReservedCodeCacheSize                    = 251658240                              {pd product} {ergonomic}
     bool SegmentedCodeCache                       = true                                      {product} {ergonomic}
     bool UseCompressedClassPointers               = true                                 {lp64_product} {ergonomic}
     bool UseCompressedOops                        = true                                 {lp64_product} {ergonomic}
     bool UseG1GC                                  = true                                      {product} {ergonomic}
     bool UseLargePagesIndividualAllocation        = false                                  {pd product} {ergonomic}

Logging:
Log output configuration:
 #0: stdout all=warning uptime,level,tags
 #1: stderr all=off uptime,level,tags

Environment Variables:
JAVA_HOME=C:\Program Files\Microsoft\jdk-11.0.16.101-hotspot
PATH=C:\Program Files\Common Files\Oracle\Java\javapath;C:\Program Files (x86)\Common Files\Oracle\Java\javapath;C:\Program Files\Microsoft\jdk-11.0.16.101-hotspot\bin;C:\Program Files (x86)\Intel\iCLS Client\;C:\Program Files\Intel\iCLS Client\;C:\Windows\system32;C:\Windows;C:\Windows\System32\Wbem;C:\Windows\System32\WindowsPowerShell\v1.0\;C:\Windows\System32\OpenSSH\;C:\Program Files (x86)\Intel\Intel(R) Management Engine Components\DAL;C:\Program Files\Intel\Intel(R) Management Engine Components\DAL;C:\Program Files (x86)\Intel\Intel(R) Management Engine Components\IPT;C:\Program Files\Intel\Intel(R) Management Engine Components\IPT;E:\ApplicationApp\Git\cmd;C:\Program Files\Microsoft SQL Server\150\Tools\Binn\;C:\Program Files\Microsoft SQL Server\130\Tools\Binn\;C:\xampp\mysql\bin;C:\msys64\mingw64\bin;C:\msys64\mingw64\include;C:\Program Files\Microsoft SQL Server\Client SDK\ODBC\170\Tools\Binn\;C:\Program Files\dotnet\;C:\Program Files\MySQL\MySQL Shell 8.0\bin\;C:\Users\admin\AppData\Local\Microsoft\WindowsApps;C:\Users\admin\AppData\Local\Programs\Microsoft VS Code\bin;C:\msys64\mingw64\bin;C:\msys64\mingw64\include;C:\src\flutter\bin;C:\Windows\System32;C:\xampp\php;C:\Users\admin\AppData\Local\Programs\Python\Python311\Scripts;C:\Users\admin\AppData\Roaming\Python\Python311\Scripts;C:\Users\admin\.dotnet\tools
USERNAME=Line's laptop
OS=Windows_NT
PROCESSOR_IDENTIFIER=Intel64 Family 6 Model 142 Stepping 10, GenuineIntel
TMP=C:\Users\admin\AppData\Local\Temp
TEMP=C:\Users\admin\AppData\Local\Temp



---------------  S Y S T E M  ---------------

OS: Windows 10 , 64 bit Build 19041 (10.0.19041.2913)
OS uptime: 0 days 4:19 hours
Hyper-V role detected

CPU:total 4 (initial active 4) (2 cores per cpu, 2 threads per core) family 6 model 142 stepping 10 microcode 0xb4, cmov, cx8, fxsr, mmx, sse, sse2, sse3, ssse3, sse4.1, sse4.2, popcnt, avx, avx2, aes, clmul, erms, 3dnowpref, lzcnt, ht, tsc, tscinvbit, bmi1, bmi2, adx, fma

Memory: 4k page, system-wide physical 8071M (1135M free)
TotalPageFile size 8071M (AvailPageFile size 4M)
current process WorkingSet (physical memory assigned to process): 34M, peak: 34M
current process commit charge ("private bytes"): 74M, peak: 74M

vm_info: OpenJDK 64-Bit Server VM (11.0.16.1+1-LTS) for windows-amd64 JRE (11.0.16.1+1-LTS), built on Aug 20 2022 20:09:04 by "" with MS VC++ 15.9 (VS2017)

END.
