#
# There is insufficient memory for the Java Runtime Environment to continue.
# Native memory allocation (mmap) failed to map 65536 bytes for Failed to commit area from 0x0000026fc3620000 to 0x0000026fc3630000 of length 65536.
# Possible reasons:
#   The system is out of physical RAM or swap space
#   The process is running with CompressedOops enabled, and the Java Heap may be blocking the growth of the native heap
# Possible solutions:
#   Reduce memory load on the system
#   Increase physical memory or swap space
#   Check if swap backing store is full
#   Decrease Java heap size (-Xmx/-Xms)
#   Decrease number of Java threads
#   Decrease Java thread stack sizes (-Xss)
#   Set larger code cache with -XX:ReservedCodeCacheSize=
#   JVM is running with Unscaled Compressed Oops mode in which the Java heap is
#     placed in the first 4GB address space. The Java Heap base address is the
#     maximum limit for the native heap growth. Please use -XX:HeapBaseMinAddress
#     to set the Java Heap base and to place the Java Heap above 4GB virtual address.
# This output file may be truncated or incomplete.
#
#  Out of Memory Error (./src/hotspot/os/windows/os_windows.cpp:3386), pid=11976, tid=12396
#
# JRE version: OpenJDK Runtime Environment Microsoft-40648 (11.0.16.1+1) (build 11.0.16.1+1-LTS)
# Java VM: OpenJDK 64-Bit Server VM Microsoft-40648 (11.0.16.1+1-LTS, mixed mode, tiered, compressed oops, g1 gc, windows-amd64)
# No core dump will be written. Minidumps are not enabled by default on client versions of Windows
#

---------------  S U M M A R Y ------------

Command Line: -Dapplication.home=C:\Program Files\Microsoft\jdk-11.0.16.101-hotspot --add-modules=ALL-DEFAULT -Xms8m -Dfile.encoding=UTF8 -Djdk.module.main=jdk.compiler jdk.compiler/com.sun.tools.javac.Main @C:\Users\admin\AppData\Local\Temp\tmpD6F8.tmp -target 1.8 -source 1.8

Host: Intel(R) Core(TM) i3-8130U CPU @ 2.20GHz, 4 cores, 7G,  Windows 10 , 64 bit Build 19041 (10.0.19041.2913)
Time: Thu Jun  1 05:20:31 2023 SE Asia Standard Time elapsed time: 6.615142 seconds (0d 0h 0m 6s)

---------------  T H R E A D  ---------------

Current thread (0x0000026fc9bfc800):  VMThread "VM Thread" [stack: 0x000000b2f5900000,0x000000b2f5a00000] [id=12396]

Stack: [0x000000b2f5900000,0x000000b2f5a00000]
[error occurred during error reporting (printing stack bounds), id 0xc0000005, EXCEPTION_ACCESS_VIOLATION (0xc0000005) at pc=0x0000026fb349112d]

Native frames: (J=compiled Java code, j=interpreted, Vv=VM code, C=native code)
V  [jvm.dll+0x62652a]
V  [jvm.dll+0x7b3249]
V  [jvm.dll+0x7b4938]
V  [jvm.dll+0x7b4f75]
V  [jvm.dll+0x7b4f2b]
V  [jvm.dll+0x6258b7]
V  [jvm.dll+0x625fc8]
C  [ntdll.dll+0xa23df]
C  [ntdll.dll+0x514a4]
C  [ntdll.dll+0xa0f0e]
C  0x0000026fb349112d

VM_Operation (0x000000b2f53fd860): G1CollectForAllocation, mode: safepoint, requested by thread 0x0000026faad2e000


---------------  P R O C E S S  ---------------

Threads class SMR info:
_java_thread_list=0x0000026fca48a1e0, length=11, elements={
0x0000026faad2e000, 0x0000026fc9c21000, 0x0000026fc9c2a000, 0x0000026fc9c8e000,
0x0000026fc9c8f800, 0x0000026fc9c91800, 0x0000026fc9c3a800, 0x0000026fc9c3e800,
0x0000026fc9c3f800, 0x0000026fc9f06000, 0x0000026fca5ea800
}

Java Threads: ( => current thread )
  0x0000026faad2e000 JavaThread "main" [_thread_blocked, id=9292, stack(0x000000b2f5300000,0x000000b2f5400000)]
  0x0000026fc9c21000 JavaThread "Reference Handler" daemon [_thread_blocked, id=12240, stack(0x000000b2f5a00000,0x000000b2f5b00000)]
  0x0000026fc9c2a000 JavaThread "Finalizer" daemon [_thread_blocked, id=6764, stack(0x000000b2f5b00000,0x000000b2f5c00000)]
  0x0000026fc9c8e000 JavaThread "Signal Dispatcher" daemon [_thread_blocked, id=8040, stack(0x000000b2f5c00000,0x000000b2f5d00000)]
  0x0000026fc9c8f800 JavaThread "Attach Listener" daemon [_thread_blocked, id=11628, stack(0x000000b2f5d00000,0x000000b2f5e00000)]
  0x0000026fc9c91800 JavaThread "Service Thread" daemon [_thread_blocked, id=9708, stack(0x000000b2f5e00000,0x000000b2f5f00000)]
  0x0000026fc9c3a800 JavaThread "C2 CompilerThread0" daemon [_thread_blocked, id=13304, stack(0x000000b2f5f00000,0x000000b2f6000000)]
  0x0000026fc9c3e800 JavaThread "C1 CompilerThread0" daemon [_thread_blocked, id=11912, stack(0x000000b2f6000000,0x000000b2f6100000)]
  0x0000026fc9c3f800 JavaThread "Sweeper thread" daemon [_thread_blocked, id=5140, stack(0x000000b2f6100000,0x000000b2f6200000)]
  0x0000026fc9f06000 JavaThread "Common-Cleaner" daemon [_thread_blocked, id=10644, stack(0x000000b2f6200000,0x000000b2f6300000)]
  0x0000026fca5ea800 JavaThread "C2 CompilerThread1" daemon [_thread_in_native, id=10392, stack(0x000000b2f6500000,0x000000b2f6600000)]

Other Threads:
=>0x0000026fc9bfc800 VMThread "VM Thread" [stack: 0x000000b2f5900000,0x000000b2f5a00000] [id=12396]
  0x0000026fc9fc5800 WatcherThread [stack: 0x000000b2f6300000,0x000000b2f6400000] [id=8072]
  0x0000026faad43000 GCTaskThread "GC Thread#0" [stack: 0x000000b2f5400000,0x000000b2f5500000] [id=12168]
  0x0000026fca1f9000 GCTaskThread "GC Thread#1" [stack: 0x000000b2f6400000,0x000000b2f6500000] [id=13076]
  0x0000026fcc9eb000 GCTaskThread "GC Thread#2" [stack: 0x000000b2f6700000,0x000000b2f6800000] [id=8924]
  0x0000026fcd119800 GCTaskThread "GC Thread#3" [stack: 0x000000b2f6800000,0x000000b2f6900000] [id=4144]
  0x0000026faad75800 ConcurrentGCThread "G1 Main Marker" [stack: 0x000000b2f5500000,0x000000b2f5600000] [id=3880]
  0x0000026faad77000 ConcurrentGCThread "G1 Conc#0" [stack: 0x000000b2f5600000,0x000000b2f5700000] [id=12900]
  0x0000026faad92000 ConcurrentGCThread "G1 Refine#0" [stack: 0x000000b2f5700000,0x000000b2f5800000] [id=4012]
  0x0000026fcbf07800 ConcurrentGCThread "G1 Refine#1" [stack: 0x000000b2f6600000,0x000000b2f6700000] [id=9656]
  0x0000026fcb8e0000 ConcurrentGCThread "G1 Refine#2" [stack: 0x000000b2f6900000,0x000000b2f6a00000] [id=7088]
  0x0000026faad93800 ConcurrentGCThread "G1 Young RemSet Sampling" [stack: 0x000000b2f5800000,0x000000b2f5900000] [id=12968]

Threads with active compile tasks:
C2 CompilerThread0     6644 4303       4       com.sun.tools.javac.code.Symbol::hiddenInInternal (205 bytes)
C2 CompilerThread1     6644 4003       4       com.sun.tools.javac.code.Symbol$MethodSymbol::implementation (57 bytes)

VM state:at safepoint (normal execution)

VM Mutex/Monitor currently owned by a thread:  ([mutex/lock_event])
[0x0000026faad2b5d0] Threads_lock - owner thread: 0x0000026fc9bfc800
[0x0000026faad2aa90] Heap_lock - owner thread: 0x0000026faad2e000

Heap address: 0x0000000081e00000, size: 2018 MB, Compressed Oops mode: 32-bit
Narrow klass base: 0x0000000000000000, Narrow klass shift: 3
Compressed class space size: 1073741824 Address: 0x0000000100000000

Heap:
 garbage-first heap   total 378880K, used 75203K [0x0000000081e00000, 0x0000000100000000)
  region size 1024K, 7 young (7168K), 7 survivors (7168K)
 Metaspace       used 18269K, capacity 18591K, committed 18688K, reserved 1067008K
  class space    used 1658K, capacity 1785K, committed 1792K, reserved 1048576K
Heap Regions: E=young(eden), S=young(survivor), O=old, HS=humongous(starts), HC=humongous(continues), CS=collection set, F=free, A=archive, TAMS=top-at-mark-start (previous, next)
|   0|0x0000000081e00000, 0x0000000081f00000, 0x0000000081f00000|100%| O|  |TAMS 0x0000000081f00000, 0x0000000081e00000| Untracked 
|   1|0x0000000081f00000, 0x0000000082000000, 0x0000000082000000|100%| O|  |TAMS 0x0000000082000000, 0x0000000081f00000| Untracked 
|   2|0x0000000082000000, 0x0000000082100000, 0x0000000082100000|100%| O|  |TAMS 0x0000000082100000, 0x0000000082000000| Untracked 
|   3|0x0000000082100000, 0x0000000082200000, 0x0000000082200000|100%| O|  |TAMS 0x0000000082200000, 0x0000000082100000| Untracked 
|   4|0x0000000082200000, 0x0000000082300000, 0x0000000082300000|100%| O|  |TAMS 0x0000000082300000, 0x0000000082200000| Untracked 
|   5|0x0000000082300000, 0x0000000082400000, 0x0000000082400000|100%| O|  |TAMS 0x0000000082400000, 0x0000000082300000| Untracked 
|   6|0x0000000082400000, 0x0000000082500000, 0x0000000082500000|100%| O|  |TAMS 0x0000000082500000, 0x0000000082400000| Untracked 
|   7|0x0000000082500000, 0x0000000082600000, 0x0000000082600000|100%| O|  |TAMS 0x0000000082600000, 0x0000000082500000| Untracked 
|   8|0x0000000082600000, 0x0000000082700000, 0x0000000082700000|100%| O|  |TAMS 0x0000000082700000, 0x0000000082600000| Untracked 
|   9|0x0000000082700000, 0x0000000082800000, 0x0000000082800000|100%|HS|  |TAMS 0x0000000082800000, 0x0000000082700000| Complete 
|  10|0x0000000082800000, 0x0000000082900000, 0x0000000082900000|100%|HC|  |TAMS 0x0000000082900000, 0x0000000082800000| Complete 
|  11|0x0000000082900000, 0x0000000082a00000, 0x0000000082a00000|100%|HC|  |TAMS 0x0000000082a00000, 0x0000000082900000| Complete 
|  12|0x0000000082a00000, 0x0000000082b00000, 0x0000000082b00000|100%| O|  |TAMS 0x0000000082b00000, 0x0000000082a00000| Untracked 
|  13|0x0000000082b00000, 0x0000000082c00000, 0x0000000082c00000|100%|HS|  |TAMS 0x0000000082c00000, 0x0000000082b00000| Complete 
|  14|0x0000000082c00000, 0x0000000082d00000, 0x0000000082d00000|100%|HS|  |TAMS 0x0000000082d00000, 0x0000000082c00000| Complete 
|  15|0x0000000082d00000, 0x0000000082e00000, 0x0000000082e00000|100%|HC|  |TAMS 0x0000000082e00000, 0x0000000082d00000| Complete 
|  16|0x0000000082e00000, 0x0000000082f00000, 0x0000000082f00000|100%|HC|  |TAMS 0x0000000082f00000, 0x0000000082e00000| Complete 
|  17|0x0000000082f00000, 0x0000000083000000, 0x0000000083000000|100%|HC|  |TAMS 0x0000000083000000, 0x0000000082f00000| Complete 
|  18|0x0000000083000000, 0x0000000083100000, 0x0000000083100000|100%|HC|  |TAMS 0x0000000083100000, 0x0000000083000000| Complete 
|  19|0x0000000083100000, 0x0000000083200000, 0x0000000083200000|100%| O|  |TAMS 0x0000000083200000, 0x0000000083100000| Untracked 
|  20|0x0000000083200000, 0x0000000083300000, 0x0000000083300000|100%| O|  |TAMS 0x0000000083300000, 0x0000000083200000| Untracked 
|  21|0x0000000083300000, 0x0000000083400000, 0x0000000083400000|100%| O|  |TAMS 0x0000000083300000, 0x0000000083300000| Untracked 
|  22|0x0000000083400000, 0x0000000083500000, 0x0000000083500000|100%| O|  |TAMS 0x0000000083500000, 0x0000000083400000| Untracked 
|  23|0x0000000083500000, 0x0000000083600000, 0x0000000083600000|100%| O|  |TAMS 0x0000000083600000, 0x0000000083500000| Untracked 
|  24|0x0000000083600000, 0x0000000083700000, 0x0000000083700000|100%|HS|  |TAMS 0x0000000083700000, 0x0000000083600000| Complete 
|  25|0x0000000083700000, 0x0000000083800000, 0x0000000083800000|100%|HC|  |TAMS 0x0000000083800000, 0x0000000083700000| Complete 
|  26|0x0000000083800000, 0x0000000083900000, 0x0000000083900000|100%| O|  |TAMS 0x0000000083900000, 0x0000000083800000| Untracked 
|  27|0x0000000083900000, 0x0000000083a00000, 0x0000000083a00000|100%| O|  |TAMS 0x0000000083a00000, 0x0000000083900000| Untracked 
|  28|0x0000000083a00000, 0x0000000083b00000, 0x0000000083b00000|100%| O|  |TAMS 0x0000000083b00000, 0x0000000083a00000| Untracked 
|  29|0x0000000083b00000, 0x0000000083c00000, 0x0000000083c00000|100%| O|  |TAMS 0x0000000083c00000, 0x0000000083b00000| Untracked 
|  30|0x0000000083c00000, 0x0000000083d00000, 0x0000000083d00000|100%| O|  |TAMS 0x0000000083d00000, 0x0000000083c00000| Untracked 
|  31|0x0000000083d00000, 0x0000000083e00000, 0x0000000083e00000|100%| O|  |TAMS 0x0000000083e00000, 0x0000000083d00000| Untracked 
|  32|0x0000000083e00000, 0x0000000083f00000, 0x0000000083f00000|100%| O|  |TAMS 0x0000000083f00000, 0x0000000083e00000| Untracked 
|  33|0x0000000083f00000, 0x0000000084000000, 0x0000000084000000|100%| O|  |TAMS 0x0000000084000000, 0x0000000083f00000| Untracked 
|  34|0x0000000084000000, 0x0000000084100000, 0x0000000084100000|100%| O|  |TAMS 0x0000000084100000, 0x0000000084000000| Untracked 
|  35|0x0000000084100000, 0x0000000084200000, 0x0000000084200000|100%| O|  |TAMS 0x0000000084200000, 0x0000000084100000| Untracked 
|  36|0x0000000084200000, 0x0000000084300000, 0x0000000084300000|100%| O|  |TAMS 0x0000000084300000, 0x0000000084200000| Untracked 
|  37|0x0000000084300000, 0x0000000084400000, 0x0000000084400000|100%| O|  |TAMS 0x0000000084400000, 0x0000000084300000| Untracked 
|  38|0x0000000084400000, 0x0000000084500000, 0x0000000084500000|100%| O|  |TAMS 0x0000000084500000, 0x0000000084400000| Untracked 
|  39|0x0000000084500000, 0x0000000084600000, 0x0000000084600000|100%| O|  |TAMS 0x0000000084600000, 0x0000000084500000| Untracked 
|  40|0x0000000084600000, 0x0000000084700000, 0x0000000084700000|100%| O|  |TAMS 0x0000000084700000, 0x0000000084600000| Untracked 
|  41|0x0000000084700000, 0x0000000084800000, 0x0000000084800000|100%| O|  |TAMS 0x0000000084800000, 0x0000000084700000| Untracked 
|  42|0x0000000084800000, 0x0000000084900000, 0x0000000084900000|100%| O|  |TAMS 0x0000000084900000, 0x0000000084800000| Untracked 
|  43|0x0000000084900000, 0x0000000084a00000, 0x0000000084a00000|100%| O|  |TAMS 0x0000000084a00000, 0x0000000084900000| Untracked 
|  44|0x0000000084a00000, 0x0000000084b00000, 0x0000000084b00000|100%| O|  |TAMS 0x0000000084b00000, 0x0000000084a00000| Untracked 
|  45|0x0000000084b00000, 0x0000000084c00000, 0x0000000084c00000|100%| O|  |TAMS 0x0000000084c00000, 0x0000000084b00000| Untracked 
|  46|0x0000000084c00000, 0x0000000084d00000, 0x0000000084d00000|100%| O|  |TAMS 0x0000000084d00000, 0x0000000084c00000| Untracked 
|  47|0x0000000084d00000, 0x0000000084e00000, 0x0000000084e00000|100%| O|  |TAMS 0x0000000084e00000, 0x0000000084d00000| Untracked 
|  48|0x0000000084e00000, 0x0000000084f00000, 0x0000000084f00000|100%| O|  |TAMS 0x0000000084f00000, 0x0000000084e00000| Untracked 
|  49|0x0000000084f00000, 0x0000000085000000, 0x0000000085000000|100%| O|  |TAMS 0x0000000085000000, 0x0000000084f00000| Untracked 
|  50|0x0000000085000000, 0x0000000085100000, 0x0000000085100000|100%| O|  |TAMS 0x0000000085100000, 0x0000000085000000| Untracked 
|  51|0x0000000085100000, 0x0000000085200000, 0x0000000085200000|100%| O|  |TAMS 0x0000000085200000, 0x0000000085100000| Untracked 
|  52|0x0000000085200000, 0x0000000085300000, 0x0000000085300000|100%|HS|  |TAMS 0x0000000085200000, 0x0000000085200000| Complete 
|  53|0x0000000085300000, 0x0000000085400000, 0x0000000085400000|100%|HC|  |TAMS 0x0000000085300000, 0x0000000085300000| Complete 
|  54|0x0000000085400000, 0x0000000085500000, 0x0000000085500000|100%| O|  |TAMS 0x0000000085400000, 0x0000000085400000| Untracked 
|  55|0x0000000085500000, 0x0000000085600000, 0x0000000085600000|100%| O|  |TAMS 0x0000000085500000, 0x0000000085500000| Untracked 
|  56|0x0000000085600000, 0x0000000085700000, 0x0000000085700000|100%| O|  |TAMS 0x0000000085600000, 0x0000000085600000| Untracked 
|  57|0x0000000085700000, 0x0000000085800000, 0x0000000085800000|100%| O|  |TAMS 0x0000000085700000, 0x0000000085700000| Untracked 
|  58|0x0000000085800000, 0x0000000085900000, 0x0000000085900000|100%| O|  |TAMS 0x0000000085800000, 0x0000000085800000| Untracked 
|  59|0x0000000085900000, 0x0000000085a00000, 0x0000000085a00000|100%| O|  |TAMS 0x0000000085900000, 0x0000000085900000| Untracked 
|  60|0x0000000085a00000, 0x0000000085b00000, 0x0000000085b00000|100%| O|  |TAMS 0x0000000085a00000, 0x0000000085a00000| Untracked 
|  61|0x0000000085b00000, 0x0000000085c00000, 0x0000000085c00000|100%| O|  |TAMS 0x0000000085b00000, 0x0000000085b00000| Untracked 
|  62|0x0000000085c00000, 0x0000000085d00000, 0x0000000085d00000|100%| O|  |TAMS 0x0000000085c00000, 0x0000000085c00000| Untracked 
|  63|0x0000000085d00000, 0x0000000085e00000, 0x0000000085e00000|100%| O|  |TAMS 0x0000000085d00000, 0x0000000085d00000| Untracked 
|  64|0x0000000085e00000, 0x0000000085f00000, 0x0000000085f00000|100%| O|  |TAMS 0x0000000085e00000, 0x0000000085e00000| Untracked 
|  65|0x0000000085f00000, 0x0000000086000000, 0x0000000086000000|100%| O|  |TAMS 0x0000000085f00000, 0x0000000085f00000| Untracked 
|  66|0x0000000086000000, 0x00000000860a7400, 0x0000000086100000| 65%| O|  |TAMS 0x0000000086000000, 0x0000000086000000| Untracked 
|  67|0x0000000086100000, 0x0000000086100000, 0x0000000086200000|  0%| F|  |TAMS 0x0000000086100000, 0x0000000086100000| Untracked 
|  68|0x0000000086200000, 0x0000000086200000, 0x0000000086300000|  0%| F|  |TAMS 0x0000000086200000, 0x0000000086200000| Untracked 
|  69|0x0000000086300000, 0x0000000086300000, 0x0000000086400000|  0%| F|  |TAMS 0x0000000086300000, 0x0000000086300000| Untracked 
|  70|0x0000000086400000, 0x0000000086400000, 0x0000000086500000|  0%| F|  |TAMS 0x0000000086400000, 0x0000000086400000| Untracked 
|  71|0x0000000086500000, 0x0000000086500000, 0x0000000086600000|  0%| F|  |TAMS 0x0000000086500000, 0x0000000086500000| Untracked 
|  72|0x0000000086600000, 0x0000000086600000, 0x0000000086700000|  0%| F|  |TAMS 0x0000000086600000, 0x0000000086600000| Untracked 
|  73|0x0000000086700000, 0x0000000086700000, 0x0000000086800000|  0%| F|  |TAMS 0x0000000086700000, 0x0000000086700000| Untracked 
|  74|0x0000000086800000, 0x0000000086800000, 0x0000000086900000|  0%| F|  |TAMS 0x0000000086800000, 0x0000000086800000| Untracked 
|  75|0x0000000086900000, 0x0000000086900000, 0x0000000086a00000|  0%| F|  |TAMS 0x0000000086900000, 0x0000000086900000| Untracked 
|  76|0x0000000086a00000, 0x0000000086a00000, 0x0000000086b00000|  0%| F|  |TAMS 0x0000000086a00000, 0x0000000086a00000| Untracked 
|  77|0x0000000086b00000, 0x0000000086b00000, 0x0000000086c00000|  0%| F|  |TAMS 0x0000000086b00000, 0x0000000086b00000| Untracked 
|  78|0x0000000086c00000, 0x0000000086c00000, 0x0000000086d00000|  0%| F|  |TAMS 0x0000000086c00000, 0x0000000086c00000| Untracked 
|  79|0x0000000086d00000, 0x0000000086d00000, 0x0000000086e00000|  0%| F|  |TAMS 0x0000000086d00000, 0x0000000086d00000| Untracked 
|  80|0x0000000086e00000, 0x0000000086e00000, 0x0000000086f00000|  0%| F|  |TAMS 0x0000000086e00000, 0x0000000086e00000| Untracked 
|  81|0x0000000086f00000, 0x0000000086f00000, 0x0000000087000000|  0%| F|  |TAMS 0x0000000086f00000, 0x0000000086f00000| Untracked 
|  82|0x0000000087000000, 0x0000000087000000, 0x0000000087100000|  0%| F|  |TAMS 0x0000000087000000, 0x0000000087000000| Untracked 
|  83|0x0000000087100000, 0x0000000087100000, 0x0000000087200000|  0%| F|  |TAMS 0x0000000087100000, 0x0000000087100000| Untracked 
|  84|0x0000000087200000, 0x0000000087200000, 0x0000000087300000|  0%| F|  |TAMS 0x0000000087200000, 0x0000000087200000| Untracked 
|  85|0x0000000087300000, 0x0000000087300000, 0x0000000087400000|  0%| F|  |TAMS 0x0000000087300000, 0x0000000087300000| Untracked 
|  86|0x0000000087400000, 0x0000000087400000, 0x0000000087500000|  0%| F|  |TAMS 0x0000000087400000, 0x0000000087400000| Untracked 
|  87|0x0000000087500000, 0x0000000087500000, 0x0000000087600000|  0%| F|  |TAMS 0x0000000087500000, 0x0000000087500000| Untracked 
|  88|0x0000000087600000, 0x0000000087600000, 0x0000000087700000|  0%| F|  |TAMS 0x0000000087600000, 0x0000000087600000| Untracked 
|  89|0x0000000087700000, 0x0000000087700000, 0x0000000087800000|  0%| F|  |TAMS 0x0000000087700000, 0x0000000087700000| Untracked 
|  90|0x0000000087800000, 0x0000000087800000, 0x0000000087900000|  0%| F|  |TAMS 0x0000000087800000, 0x0000000087800000| Untracked 
|  91|0x0000000087900000, 0x0000000087900000, 0x0000000087a00000|  0%| F|  |TAMS 0x0000000087900000, 0x0000000087900000| Untracked 
|  92|0x0000000087a00000, 0x0000000087a00000, 0x0000000087b00000|  0%| F|  |TAMS 0x0000000087a00000, 0x0000000087a00000| Untracked 
|  93|0x0000000087b00000, 0x0000000087b00000, 0x0000000087c00000|  0%| F|  |TAMS 0x0000000087b00000, 0x0000000087b00000| Untracked 
|  94|0x0000000087c00000, 0x0000000087c00000, 0x0000000087d00000|  0%| F|  |TAMS 0x0000000087c00000, 0x0000000087c00000| Untracked 
|  95|0x0000000087d00000, 0x0000000087d00000, 0x0000000087e00000|  0%| F|  |TAMS 0x0000000087d00000, 0x0000000087d00000| Untracked 
|  96|0x0000000087e00000, 0x0000000087e00000, 0x0000000087f00000|  0%| F|  |TAMS 0x0000000087e00000, 0x0000000087e00000| Untracked 
|  97|0x0000000087f00000, 0x0000000087f00000, 0x0000000088000000|  0%| F|  |TAMS 0x0000000087f00000, 0x0000000087f00000| Untracked 
|  98|0x0000000088000000, 0x0000000088000000, 0x0000000088100000|  0%| F|  |TAMS 0x0000000088000000, 0x0000000088000000| Untracked 
|  99|0x0000000088100000, 0x0000000088100000, 0x0000000088200000|  0%| F|  |TAMS 0x0000000088100000, 0x0000000088100000| Untracked 
| 100|0x0000000088200000, 0x0000000088200000, 0x0000000088300000|  0%| F|  |TAMS 0x0000000088200000, 0x0000000088200000| Untracked 
| 101|0x0000000088300000, 0x0000000088300000, 0x0000000088400000|  0%| F|  |TAMS 0x0000000088300000, 0x0000000088300000| Untracked 
| 102|0x0000000088400000, 0x0000000088400000, 0x0000000088500000|  0%| F|  |TAMS 0x0000000088400000, 0x0000000088400000| Untracked 
| 103|0x0000000088500000, 0x0000000088500000, 0x0000000088600000|  0%| F|  |TAMS 0x0000000088500000, 0x0000000088500000| Untracked 
| 104|0x0000000088600000, 0x0000000088600000, 0x0000000088700000|  0%| F|  |TAMS 0x0000000088600000, 0x0000000088600000| Untracked 
| 105|0x0000000088700000, 0x0000000088700000, 0x0000000088800000|  0%| F|  |TAMS 0x0000000088700000, 0x0000000088700000| Untracked 
| 106|0x0000000088800000, 0x0000000088800000, 0x0000000088900000|  0%| F|  |TAMS 0x0000000088800000, 0x0000000088800000| Untracked 
| 107|0x0000000088900000, 0x0000000088900000, 0x0000000088a00000|  0%| F|  |TAMS 0x0000000088900000, 0x0000000088900000| Untracked 
| 108|0x0000000088a00000, 0x0000000088a00000, 0x0000000088b00000|  0%| F|  |TAMS 0x0000000088a00000, 0x0000000088a00000| Untracked 
| 109|0x0000000088b00000, 0x0000000088b00000, 0x0000000088c00000|  0%| F|  |TAMS 0x0000000088b00000, 0x0000000088b00000| Untracked 
| 110|0x0000000088c00000, 0x0000000088c00000, 0x0000000088d00000|  0%| F|  |TAMS 0x0000000088c00000, 0x0000000088c00000| Untracked 
| 111|0x0000000088d00000, 0x0000000088d00000, 0x0000000088e00000|  0%| F|  |TAMS 0x0000000088d00000, 0x0000000088d00000| Untracked 
| 112|0x0000000088e00000, 0x0000000088e00000, 0x0000000088f00000|  0%| F|  |TAMS 0x0000000088e00000, 0x0000000088e00000| Untracked 
| 113|0x0000000088f00000, 0x0000000088f00000, 0x0000000089000000|  0%| F|  |TAMS 0x0000000088f00000, 0x0000000088f00000| Untracked 
| 114|0x0000000089000000, 0x0000000089000000, 0x0000000089100000|  0%| F|  |TAMS 0x0000000089000000, 0x0000000089000000| Untracked 
| 115|0x0000000089100000, 0x0000000089100000, 0x0000000089200000|  0%| F|  |TAMS 0x0000000089100000, 0x0000000089100000| Untracked 
| 116|0x0000000089200000, 0x0000000089200000, 0x0000000089300000|  0%| F|  |TAMS 0x0000000089200000, 0x0000000089200000| Untracked 
| 117|0x0000000089300000, 0x0000000089300000, 0x0000000089400000|  0%| F|  |TAMS 0x0000000089300000, 0x0000000089300000| Untracked 
| 118|0x0000000089400000, 0x0000000089400000, 0x0000000089500000|  0%| F|  |TAMS 0x0000000089400000, 0x0000000089400000| Untracked 
| 119|0x0000000089500000, 0x0000000089500000, 0x0000000089600000|  0%| F|  |TAMS 0x0000000089500000, 0x0000000089500000| Untracked 
| 120|0x0000000089600000, 0x0000000089600000, 0x0000000089700000|  0%| F|  |TAMS 0x0000000089600000, 0x0000000089600000| Untracked 
| 121|0x0000000089700000, 0x0000000089700000, 0x0000000089800000|  0%| F|  |TAMS 0x0000000089700000, 0x0000000089700000| Untracked 
| 122|0x0000000089800000, 0x0000000089800000, 0x0000000089900000|  0%| F|  |TAMS 0x0000000089800000, 0x0000000089800000| Untracked 
| 123|0x0000000089900000, 0x0000000089900000, 0x0000000089a00000|  0%| F|  |TAMS 0x0000000089900000, 0x0000000089900000| Untracked 
| 124|0x0000000089a00000, 0x0000000089a00000, 0x0000000089b00000|  0%| F|  |TAMS 0x0000000089a00000, 0x0000000089a00000| Untracked 
| 125|0x0000000089b00000, 0x0000000089b00000, 0x0000000089c00000|  0%| F|  |TAMS 0x0000000089b00000, 0x0000000089b00000| Untracked 
| 126|0x0000000089c00000, 0x0000000089c00000, 0x0000000089d00000|  0%| F|  |TAMS 0x0000000089c00000, 0x0000000089c00000| Untracked 
| 127|0x0000000089d00000, 0x0000000089d00000, 0x0000000089e00000|  0%| F|  |TAMS 0x0000000089d00000, 0x0000000089d00000| Untracked 
| 128|0x0000000089e00000, 0x0000000089e00000, 0x0000000089f00000|  0%| F|  |TAMS 0x0000000089e00000, 0x0000000089e00000| Untracked 
| 129|0x0000000089f00000, 0x0000000089f00000, 0x000000008a000000|  0%| F|  |TAMS 0x0000000089f00000, 0x0000000089f00000| Untracked 
| 130|0x000000008a000000, 0x000000008a0c9a08, 0x000000008a100000| 78%| S|CS|TAMS 0x000000008a000000, 0x000000008a000000| Complete 
| 131|0x000000008a100000, 0x000000008a200000, 0x000000008a200000|100%| S|CS|TAMS 0x000000008a100000, 0x000000008a100000| Complete 
| 132|0x000000008a200000, 0x000000008a300000, 0x000000008a300000|100%| S|CS|TAMS 0x000000008a200000, 0x000000008a200000| Complete 
| 133|0x000000008a300000, 0x000000008a400000, 0x000000008a400000|100%| S|CS|TAMS 0x000000008a300000, 0x000000008a300000| Complete 
| 134|0x000000008a400000, 0x000000008a500000, 0x000000008a500000|100%| S|CS|TAMS 0x000000008a400000, 0x000000008a400000| Complete 
| 135|0x000000008a500000, 0x000000008a600000, 0x000000008a600000|100%| S|CS|TAMS 0x000000008a500000, 0x000000008a500000| Complete 
| 136|0x000000008a600000, 0x000000008a700000, 0x000000008a700000|100%| S|CS|TAMS 0x000000008a600000, 0x000000008a600000| Complete 
| 137|0x000000008a700000, 0x000000008a700000, 0x000000008a800000|  0%| F|  |TAMS 0x000000008a700000, 0x000000008a700000| Untracked 
| 138|0x000000008a800000, 0x000000008a800000, 0x000000008a900000|  0%| F|  |TAMS 0x000000008a800000, 0x000000008a800000| Untracked 
| 139|0x000000008a900000, 0x000000008a900000, 0x000000008aa00000|  0%| F|  |TAMS 0x000000008a900000, 0x000000008a900000| Untracked 
| 140|0x000000008aa00000, 0x000000008aa00000, 0x000000008ab00000|  0%| F|  |TAMS 0x000000008aa00000, 0x000000008aa00000| Untracked 
| 141|0x000000008ab00000, 0x000000008ab00000, 0x000000008ac00000|  0%| F|  |TAMS 0x000000008ab00000, 0x000000008ab00000| Untracked 
| 142|0x000000008ac00000, 0x000000008ac00000, 0x000000008ad00000|  0%| F|  |TAMS 0x000000008ac00000, 0x000000008ac00000| Untracked 
| 143|0x000000008ad00000, 0x000000008ad00000, 0x000000008ae00000|  0%| F|  |TAMS 0x000000008ad00000, 0x000000008ad00000| Untracked 
| 144|0x000000008ae00000, 0x000000008ae00000, 0x000000008af00000|  0%| F|  |TAMS 0x000000008ae00000, 0x000000008ae00000| Untracked 
| 145|0x000000008af00000, 0x000000008af00000, 0x000000008b000000|  0%| F|  |TAMS 0x000000008af00000, 0x000000008af00000| Untracked 
| 146|0x000000008b000000, 0x000000008b000000, 0x000000008b100000|  0%| F|  |TAMS 0x000000008b000000, 0x000000008b000000| Untracked 
| 147|0x000000008b100000, 0x000000008b100000, 0x000000008b200000|  0%| F|  |TAMS 0x000000008b100000, 0x000000008b100000| Untracked 
| 148|0x000000008b200000, 0x000000008b200000, 0x000000008b300000|  0%| F|  |TAMS 0x000000008b200000, 0x000000008b200000| Untracked 
| 149|0x000000008b300000, 0x000000008b300000, 0x000000008b400000|  0%| F|  |TAMS 0x000000008b300000, 0x000000008b300000| Untracked 
| 150|0x000000008b400000, 0x000000008b400000, 0x000000008b500000|  0%| F|  |TAMS 0x000000008b400000, 0x000000008b400000| Untracked 
| 151|0x000000008b500000, 0x000000008b500000, 0x000000008b600000|  0%| F|  |TAMS 0x000000008b500000, 0x000000008b500000| Untracked 
| 152|0x000000008b600000, 0x000000008b600000, 0x000000008b700000|  0%| F|  |TAMS 0x000000008b600000, 0x000000008b600000| Untracked 
| 153|0x000000008b700000, 0x000000008b700000, 0x000000008b800000|  0%| F|  |TAMS 0x000000008b700000, 0x000000008b700000| Untracked 
| 154|0x000000008b800000, 0x000000008b800000, 0x000000008b900000|  0%| F|  |TAMS 0x000000008b800000, 0x000000008b800000| Untracked 
| 155|0x000000008b900000, 0x000000008b900000, 0x000000008ba00000|  0%| F|  |TAMS 0x000000008b900000, 0x000000008b900000| Untracked 
| 156|0x000000008ba00000, 0x000000008ba00000, 0x000000008bb00000|  0%| F|  |TAMS 0x000000008ba00000, 0x000000008ba00000| Untracked 
| 157|0x000000008bb00000, 0x000000008bb00000, 0x000000008bc00000|  0%| F|  |TAMS 0x000000008bb00000, 0x000000008bb00000| Untracked 
| 158|0x000000008bc00000, 0x000000008bc00000, 0x000000008bd00000|  0%| F|  |TAMS 0x000000008bc00000, 0x000000008bc00000| Untracked 
| 159|0x000000008bd00000, 0x000000008bd00000, 0x000000008be00000|  0%| F|  |TAMS 0x000000008bd00000, 0x000000008bd00000| Untracked 
| 160|0x000000008be00000, 0x000000008be00000, 0x000000008bf00000|  0%| F|  |TAMS 0x000000008be00000, 0x000000008be00000| Untracked 
| 161|0x000000008bf00000, 0x000000008bf00000, 0x000000008c000000|  0%| F|  |TAMS 0x000000008bf00000, 0x000000008bf00000| Untracked 
| 162|0x000000008c000000, 0x000000008c000000, 0x000000008c100000|  0%| F|  |TAMS 0x000000008c000000, 0x000000008c000000| Untracked 
| 163|0x000000008c100000, 0x000000008c100000, 0x000000008c200000|  0%| F|  |TAMS 0x000000008c100000, 0x000000008c100000| Untracked 
| 164|0x000000008c200000, 0x000000008c200000, 0x000000008c300000|  0%| F|  |TAMS 0x000000008c200000, 0x000000008c200000| Untracked 
| 165|0x000000008c300000, 0x000000008c300000, 0x000000008c400000|  0%| F|  |TAMS 0x000000008c300000, 0x000000008c300000| Untracked 
| 166|0x000000008c400000, 0x000000008c400000, 0x000000008c500000|  0%| F|  |TAMS 0x000000008c400000, 0x000000008c400000| Untracked 
| 167|0x000000008c500000, 0x000000008c500000, 0x000000008c600000|  0%| F|  |TAMS 0x000000008c500000, 0x000000008c500000| Untracked 
| 168|0x000000008c600000, 0x000000008c600000, 0x000000008c700000|  0%| F|  |TAMS 0x000000008c600000, 0x000000008c600000| Untracked 
| 169|0x000000008c700000, 0x000000008c700000, 0x000000008c800000|  0%| F|  |TAMS 0x000000008c700000, 0x000000008c700000| Untracked 
| 170|0x000000008c800000, 0x000000008c800000, 0x000000008c900000|  0%| F|  |TAMS 0x000000008c800000, 0x000000008c800000| Untracked 
| 171|0x000000008c900000, 0x000000008c900000, 0x000000008ca00000|  0%| F|  |TAMS 0x000000008c900000, 0x000000008c900000| Untracked 
| 172|0x000000008ca00000, 0x000000008ca00000, 0x000000008cb00000|  0%| F|  |TAMS 0x000000008ca00000, 0x000000008ca00000| Untracked 
| 173|0x000000008cb00000, 0x000000008cb00000, 0x000000008cc00000|  0%| F|  |TAMS 0x000000008cb00000, 0x000000008cb00000| Untracked 
| 174|0x000000008cc00000, 0x000000008cc00000, 0x000000008cd00000|  0%| F|  |TAMS 0x000000008cc00000, 0x000000008cc00000| Untracked 
| 175|0x000000008cd00000, 0x000000008cd00000, 0x000000008ce00000|  0%| F|  |TAMS 0x000000008cd00000, 0x000000008cd00000| Untracked 
| 176|0x000000008ce00000, 0x000000008ce00000, 0x000000008cf00000|  0%| F|  |TAMS 0x000000008ce00000, 0x000000008ce00000| Untracked 
| 177|0x000000008cf00000, 0x000000008cf00000, 0x000000008d000000|  0%| F|  |TAMS 0x000000008cf00000, 0x000000008cf00000| Untracked 
| 178|0x000000008d000000, 0x000000008d000000, 0x000000008d100000|  0%| F|  |TAMS 0x000000008d000000, 0x000000008d000000| Untracked 
| 179|0x000000008d100000, 0x000000008d100000, 0x000000008d200000|  0%| F|  |TAMS 0x000000008d100000, 0x000000008d100000| Untracked 
| 180|0x000000008d200000, 0x000000008d200000, 0x000000008d300000|  0%| F|  |TAMS 0x000000008d200000, 0x000000008d200000| Untracked 
| 181|0x000000008d300000, 0x000000008d300000, 0x000000008d400000|  0%| F|  |TAMS 0x000000008d300000, 0x000000008d300000| Untracked 
| 182|0x000000008d400000, 0x000000008d400000, 0x000000008d500000|  0%| F|  |TAMS 0x000000008d400000, 0x000000008d400000| Untracked 
| 183|0x000000008d500000, 0x000000008d500000, 0x000000008d600000|  0%| F|  |TAMS 0x000000008d500000, 0x000000008d500000| Untracked 
| 184|0x000000008d600000, 0x000000008d600000, 0x000000008d700000|  0%| F|  |TAMS 0x000000008d600000, 0x000000008d600000| Untracked 
| 185|0x000000008d700000, 0x000000008d700000, 0x000000008d800000|  0%| F|  |TAMS 0x000000008d700000, 0x000000008d700000| Untracked 
| 186|0x000000008d800000, 0x000000008d800000, 0x000000008d900000|  0%| F|  |TAMS 0x000000008d800000, 0x000000008d800000| Untracked 
| 187|0x000000008d900000, 0x000000008d900000, 0x000000008da00000|  0%| F|  |TAMS 0x000000008d900000, 0x000000008d900000| Untracked 
| 188|0x000000008da00000, 0x000000008da00000, 0x000000008db00000|  0%| F|  |TAMS 0x000000008da00000, 0x000000008da00000| Untracked 
| 189|0x000000008db00000, 0x000000008db00000, 0x000000008dc00000|  0%| F|  |TAMS 0x000000008db00000, 0x000000008db00000| Untracked 
| 190|0x000000008dc00000, 0x000000008dc00000, 0x000000008dd00000|  0%| F|  |TAMS 0x000000008dc00000, 0x000000008dc00000| Untracked 
| 191|0x000000008dd00000, 0x000000008dd00000, 0x000000008de00000|  0%| F|  |TAMS 0x000000008dd00000, 0x000000008dd00000| Untracked 
| 192|0x000000008de00000, 0x000000008de00000, 0x000000008df00000|  0%| F|  |TAMS 0x000000008de00000, 0x000000008de00000| Untracked 
| 193|0x000000008df00000, 0x000000008df00000, 0x000000008e000000|  0%| F|  |TAMS 0x000000008df00000, 0x000000008df00000| Untracked 
| 194|0x000000008e000000, 0x000000008e000000, 0x000000008e100000|  0%| F|  |TAMS 0x000000008e000000, 0x000000008e000000| Untracked 
| 195|0x000000008e100000, 0x000000008e100000, 0x000000008e200000|  0%| F|  |TAMS 0x000000008e100000, 0x000000008e100000| Untracked 
| 196|0x000000008e200000, 0x000000008e200000, 0x000000008e300000|  0%| F|  |TAMS 0x000000008e200000, 0x000000008e200000| Untracked 
| 197|0x000000008e300000, 0x000000008e300000, 0x000000008e400000|  0%| F|  |TAMS 0x000000008e300000, 0x000000008e300000| Untracked 
| 198|0x000000008e400000, 0x000000008e400000, 0x000000008e500000|  0%| F|  |TAMS 0x000000008e400000, 0x000000008e400000| Untracked 
| 199|0x000000008e500000, 0x000000008e500000, 0x000000008e600000|  0%| F|  |TAMS 0x000000008e500000, 0x000000008e500000| Untracked 
| 200|0x000000008e600000, 0x000000008e600000, 0x000000008e700000|  0%| F|  |TAMS 0x000000008e600000, 0x000000008e600000| Untracked 
| 201|0x000000008e700000, 0x000000008e700000, 0x000000008e800000|  0%| F|  |TAMS 0x000000008e700000, 0x000000008e700000| Untracked 
| 202|0x000000008e800000, 0x000000008e800000, 0x000000008e900000|  0%| F|  |TAMS 0x000000008e800000, 0x000000008e800000| Untracked 
| 203|0x000000008e900000, 0x000000008e900000, 0x000000008ea00000|  0%| F|  |TAMS 0x000000008e900000, 0x000000008e900000| Untracked 
| 204|0x000000008ea00000, 0x000000008ea00000, 0x000000008eb00000|  0%| F|  |TAMS 0x000000008ea00000, 0x000000008ea00000| Untracked 
| 205|0x000000008eb00000, 0x000000008eb00000, 0x000000008ec00000|  0%| F|  |TAMS 0x000000008eb00000, 0x000000008eb00000| Untracked 
| 206|0x000000008ec00000, 0x000000008ec00000, 0x000000008ed00000|  0%| F|  |TAMS 0x000000008ec00000, 0x000000008ec00000| Untracked 
| 207|0x000000008ed00000, 0x000000008ed00000, 0x000000008ee00000|  0%| F|  |TAMS 0x000000008ed00000, 0x000000008ed00000| Untracked 
| 208|0x000000008ee00000, 0x000000008ee00000, 0x000000008ef00000|  0%| F|  |TAMS 0x000000008ee00000, 0x000000008ee00000| Untracked 
| 209|0x000000008ef00000, 0x000000008ef00000, 0x000000008f000000|  0%| F|  |TAMS 0x000000008ef00000, 0x000000008ef00000| Untracked 
| 210|0x000000008f000000, 0x000000008f000000, 0x000000008f100000|  0%| F|  |TAMS 0x000000008f000000, 0x000000008f000000| Untracked 
| 211|0x000000008f100000, 0x000000008f100000, 0x000000008f200000|  0%| F|  |TAMS 0x000000008f100000, 0x000000008f100000| Untracked 
| 212|0x000000008f200000, 0x000000008f200000, 0x000000008f300000|  0%| F|  |TAMS 0x000000008f200000, 0x000000008f200000| Untracked 
| 213|0x000000008f300000, 0x000000008f300000, 0x000000008f400000|  0%| F|  |TAMS 0x000000008f300000, 0x000000008f300000| Untracked 
| 214|0x000000008f400000, 0x000000008f400000, 0x000000008f500000|  0%| F|  |TAMS 0x000000008f400000, 0x000000008f400000| Untracked 
| 215|0x000000008f500000, 0x000000008f500000, 0x000000008f600000|  0%| F|  |TAMS 0x000000008f500000, 0x000000008f500000| Untracked 
| 216|0x000000008f600000, 0x000000008f600000, 0x000000008f700000|  0%| F|  |TAMS 0x000000008f600000, 0x000000008f600000| Untracked 

Card table byte_map: [0x0000026fc2890000,0x0000026fc2c90000] _byte_map_base: 0x0000026fc2481000

Marking Bits (Prev, Next): (CMBitMap*) 0x0000026faad6ce08, (CMBitMap*) 0x0000026faad6ce40
 Prev Bits: [0x0000026fc3090000, 0x0000026fc5018000)
 Next Bits: [0x0000026fc5020000, 0x0000026fc6fa8000)

Polling page: 0x0000026fa8c30000

Metaspace:

Usage:
  Non-class:     16.41 MB capacity,    16.22 MB ( 99%) used,   161.78 KB ( <1%) free+waste,    33.56 KB ( <1%) overhead. 
      Class:      1.74 MB capacity,     1.62 MB ( 93%) used,   112.76 KB (  6%) free+waste,    13.25 KB ( <1%) overhead. 
       Both:     18.16 MB capacity,    17.84 MB ( 98%) used,   274.54 KB (  1%) free+waste,    46.81 KB ( <1%) overhead. 

Virtual space:
  Non-class space:       18.00 MB reserved,      16.50 MB ( 92%) committed 
      Class space:        1.00 GB reserved,       1.75 MB ( <1%) committed 
             Both:        1.02 GB reserved,      18.25 MB (  2%) committed 

Chunk freelists:
   Non-Class:  26.00 KB
       Class:  7.00 KB
        Both:  33.00 KB

MaxMetaspaceSize: 17179869184.00 GB
CompressedClassSpaceSize: 1.00 GB
Initial GC threshold: 20.80 MB
Current GC threshold: 27.09 MB
CDS: off

CodeHeap 'non-profiled nmethods': size=120064Kb used=2146Kb max_used=2146Kb free=117917Kb
 bounds [0x0000026fbaf50000, 0x0000026fbb1c0000, 0x0000026fc2490000]
CodeHeap 'profiled nmethods': size=120000Kb used=10607Kb max_used=10607Kb free=109392Kb
 bounds [0x0000026fb3a20000, 0x0000026fb4480000, 0x0000026fbaf50000]
CodeHeap 'non-nmethods': size=5696Kb used=1174Kb max_used=1222Kb free=4521Kb
 bounds [0x0000026fb3490000, 0x0000026fb3700000, 0x0000026fb3a20000]
 total_blobs=4600 nmethods=4193 adapters=317
 compilation: enabled
              stopped_count=0, restarted_count=0
 full_count=0

Compilation events (20 events):
Event: 6.468 Thread 0x0000026fc9c3a800 nmethod 4280 0x0000026fbb166510 code [0x0000026fbb1667e0, 0x0000026fbb167a60]
Event: 6.468 Thread 0x0000026fc9c3a800 4303       4       com.sun.tools.javac.code.Symbol::hiddenInInternal (205 bytes)
Event: 6.469 Thread 0x0000026fc9c3e800 4304       2       com.sun.tools.javac.util.Bits::nextBit (88 bytes)
Event: 6.470 Thread 0x0000026fc9c3e800 nmethod 4304 0x0000026fb446fb10 code [0x0000026fb446fce0, 0x0000026fb446fff8]
Event: 6.529 Thread 0x0000026fc9c3e800 4305       2       com.sun.tools.javac.comp.Check::intersect (108 bytes)
Event: 6.530 Thread 0x0000026fc9c3e800 nmethod 4305 0x0000026fb4470190 code [0x0000026fb44703c0, 0x0000026fb4470b18]
Event: 6.556 Thread 0x0000026fc9c3e800 4307       2       com.sun.tools.javac.comp.Flow$AssignAnalyzer::visitAssign (35 bytes)
Event: 6.557 Thread 0x0000026fc9c3e800 nmethod 4307 0x0000026fb4470e90 code [0x0000026fb44710a0, 0x0000026fb44713b8]
Event: 6.557 Thread 0x0000026fc9c3e800 4308       2       com.sun.tools.javac.comp.Flow$AssignAnalyzer::letInit (245 bytes)
Event: 6.559 Thread 0x0000026fc9c3e800 nmethod 4308 0x0000026fb4471610 code [0x0000026fb44719c0, 0x0000026fb4472f68]
Event: 6.559 Thread 0x0000026fc9c3e800 4309       2       com.sun.tools.javac.comp.Flow$CaptureAnalyzer::visitAssign (34 bytes)
Event: 6.560 Thread 0x0000026fc9c3e800 nmethod 4309 0x0000026fb4473910 code [0x0000026fb4473b00, 0x0000026fb4473e78]
Event: 6.560 Thread 0x0000026fc9c3e800 4310       2       com.sun.tools.javac.comp.Flow$CaptureAnalyzer::letInit (142 bytes)
Event: 6.561 Thread 0x0000026fc9c3e800 nmethod 4310 0x0000026fb4474110 code [0x0000026fb44743a0, 0x0000026fb4474b68]
Event: 6.561 Thread 0x0000026fc9c3e800 4311       2       com.sun.tools.javac.comp.TransTypes::visitAssign (75 bytes)
Event: 6.562 Thread 0x0000026fc9c3e800 nmethod 4311 0x0000026fb4475110 code [0x0000026fb4475380, 0x0000026fb4475ca8]
Event: 6.571 Thread 0x0000026fc9c3e800 4312       2       com.sun.tools.javac.comp.Check::firstIncompatibility (146 bytes)
Event: 6.572 Thread 0x0000026fc9c3e800 nmethod 4312 0x0000026fb4476090 code [0x0000026fb44762e0, 0x0000026fb4476958]
Event: 6.572 Thread 0x0000026fc9c3e800 4313 %     3       com.sun.tools.javac.comp.Check::checkOverride @ 128 (370 bytes)
Event: 6.576 Thread 0x0000026fc9c3e800 nmethod 4313% 0x0000026fb4476d10 code [0x0000026fb4477280, 0x0000026fb447ab68]

GC Heap History (20 events):
Event: 1.907 GC heap after
{Heap after GC invocations=36 (full 0):
 garbage-first heap   total 50176K, used 18547K [0x0000000081e00000, 0x0000000100000000)
  region size 1024K, 1 young (1024K), 1 survivors (1024K)
 Metaspace       used 13777K, capacity 14116K, committed 14336K, reserved 1062912K
  class space    used 1409K, capacity 1503K, committed 1536K, reserved 1048576K
}
Event: 2.149 GC heap before
{Heap before GC invocations=37 (full 0):
 garbage-first heap   total 50176K, used 33907K [0x0000000081e00000, 0x0000000100000000)
  region size 1024K, 12 young (12288K), 1 survivors (1024K)
 Metaspace       used 13865K, capacity 14180K, committed 14336K, reserved 1062912K
  class space    used 1409K, capacity 1503K, committed 1536K, reserved 1048576K
}
Event: 2.157 GC heap after
{Heap after GC invocations=38 (full 0):
 garbage-first heap   total 50176K, used 23124K [0x0000000081e00000, 0x0000000100000000)
  region size 1024K, 2 young (2048K), 2 survivors (2048K)
 Metaspace       used 13865K, capacity 14180K, committed 14336K, reserved 1062912K
  class space    used 1409K, capacity 1503K, committed 1536K, reserved 1048576K
}
Event: 2.349 GC heap before
{Heap before GC invocations=38 (full 0):
 garbage-first heap   total 50176K, used 29268K [0x0000000081e00000, 0x0000000100000000)
  region size 1024K, 9 young (9216K), 2 survivors (2048K)
 Metaspace       used 14218K, capacity 14514K, committed 14720K, reserved 1062912K
  class space    used 1442K, capacity 1571K, committed 1664K, reserved 1048576K
}
Event: 2.358 GC heap after
{Heap after GC invocations=39 (full 0):
 garbage-first heap   total 97280K, used 25600K [0x0000000081e00000, 0x0000000100000000)
  region size 1024K, 2 young (2048K), 2 survivors (2048K)
 Metaspace       used 14218K, capacity 14514K, committed 14720K, reserved 1062912K
  class space    used 1442K, capacity 1571K, committed 1664K, reserved 1048576K
}
Event: 2.867 GC heap before
{Heap before GC invocations=40 (full 0):
 garbage-first heap   total 97280K, used 50176K [0x0000000081e00000, 0x0000000100000000)
  region size 1024K, 23 young (23552K), 2 survivors (2048K)
 Metaspace       used 15752K, capacity 16095K, committed 16384K, reserved 1064960K
  class space    used 1552K, capacity 1691K, committed 1792K, reserved 1048576K
}
Event: 2.884 GC heap after
{Heap after GC invocations=41 (full 0):
 garbage-first heap   total 97280K, used 35771K [0x0000000081e00000, 0x0000000100000000)
  region size 1024K, 3 young (3072K), 3 survivors (3072K)
 Metaspace       used 15752K, capacity 16095K, committed 16384K, reserved 1064960K
  class space    used 1552K, capacity 1691K, committed 1792K, reserved 1048576K
}
Event: 2.994 GC heap before
{Heap before GC invocations=41 (full 0):
 garbage-first heap   total 97280K, used 58299K [0x0000000081e00000, 0x0000000100000000)
  region size 1024K, 25 young (25600K), 3 survivors (3072K)
 Metaspace       used 15860K, capacity 16172K, committed 16384K, reserved 1064960K
  class space    used 1555K, capacity 1695K, committed 1792K, reserved 1048576K
}
Event: 3.032 GC heap after
{Heap after GC invocations=42 (full 0):
 garbage-first heap   total 97280K, used 52151K [0x0000000081e00000, 0x0000000100000000)
  region size 1024K, 4 young (4096K), 4 survivors (4096K)
 Metaspace       used 15860K, capacity 16172K, committed 16384K, reserved 1064960K
  class space    used 1555K, capacity 1695K, committed 1792K, reserved 1048576K
}
Event: 3.215 GC heap before
{Heap before GC invocations=42 (full 0):
 garbage-first heap   total 97280K, used 66487K [0x0000000081e00000, 0x0000000100000000)
  region size 1024K, 18 young (18432K), 4 survivors (4096K)
 Metaspace       used 16133K, capacity 16504K, committed 16640K, reserved 1064960K
  class space    used 1559K, capacity 1695K, committed 1792K, reserved 1048576K
}
Event: 3.234 GC heap after
{Heap after GC invocations=43 (full 0):
 garbage-first heap   total 97280K, used 56320K [0x0000000081e00000, 0x0000000100000000)
  region size 1024K, 3 young (3072K), 3 survivors (3072K)
 Metaspace       used 16133K, capacity 16504K, committed 16640K, reserved 1064960K
  class space    used 1559K, capacity 1695K, committed 1792K, reserved 1048576K
}
Event: 3.439 GC heap before
{Heap before GC invocations=44 (full 0):
 garbage-first heap   total 97280K, used 71680K [0x0000000081e00000, 0x0000000100000000)
  region size 1024K, 16 young (16384K), 3 survivors (3072K)
 Metaspace       used 16186K, capacity 16511K, committed 16640K, reserved 1064960K
  class space    used 1560K, capacity 1696K, committed 1792K, reserved 1048576K
}
Event: 3.460 GC heap after
{Heap after GC invocations=45 (full 0):
 garbage-first heap   total 222208K, used 60416K [0x0000000081e00000, 0x0000000100000000)
  region size 1024K, 2 young (2048K), 2 survivors (2048K)
 Metaspace       used 16186K, capacity 16511K, committed 16640K, reserved 1064960K
  class space    used 1560K, capacity 1696K, committed 1792K, reserved 1048576K
}
Event: 4.959 GC heap before
{Heap before GC invocations=45 (full 0):
 garbage-first heap   total 222208K, used 108544K [0x0000000081e00000, 0x0000000100000000)
  region size 1024K, 49 young (50176K), 2 survivors (2048K)
 Metaspace       used 17832K, capacity 18132K, committed 18176K, reserved 1064960K
  class space    used 1657K, capacity 1785K, committed 1792K, reserved 1048576K
}
Event: 4.983 GC heap after
{Heap after GC invocations=46 (full 0):
 garbage-first heap   total 222208K, used 65436K [0x0000000081e00000, 0x0000000100000000)
  region size 1024K, 7 young (7168K), 7 survivors (7168K)
 Metaspace       used 17832K, capacity 18132K, committed 18176K, reserved 1064960K
  class space    used 1657K, capacity 1785K, committed 1792K, reserved 1048576K
}
Event: 5.578 GC heap before
{Heap before GC invocations=46 (full 0):
 garbage-first heap   total 222208K, used 125852K [0x0000000081e00000, 0x0000000100000000)
  region size 1024K, 66 young (67584K), 7 survivors (7168K)
 Metaspace       used 18112K, capacity 18455K, committed 18688K, reserved 1067008K
  class space    used 1658K, capacity 1785K, committed 1792K, reserved 1048576K
}
Event: 5.601 GC heap after
{Heap after GC invocations=47 (full 0):
 garbage-first heap   total 222208K, used 68921K [0x0000000081e00000, 0x0000000100000000)
  region size 1024K, 4 young (4096K), 4 survivors (4096K)
 Metaspace       used 18112K, capacity 18455K, committed 18688K, reserved 1067008K
  class space    used 1658K, capacity 1785K, committed 1792K, reserved 1048576K
}
Event: 6.098 GC heap before
{Heap before GC invocations=47 (full 0):
 garbage-first heap   total 222208K, used 137529K [0x0000000081e00000, 0x0000000100000000)
  region size 1024K, 71 young (72704K), 4 survivors (4096K)
 Metaspace       used 18212K, capacity 18526K, committed 18688K, reserved 1067008K
  class space    used 1658K, capacity 1785K, committed 1792K, reserved 1048576K
}
Event: 6.109 GC heap after
{Heap after GC invocations=48 (full 0):
 garbage-first heap   total 222208K, used 71339K [0x0000000081e00000, 0x0000000100000000)
  region size 1024K, 6 young (6144K), 6 survivors (6144K)
 Metaspace       used 18212K, capacity 18526K, committed 18688K, reserved 1067008K
  class space    used 1658K, capacity 1785K, committed 1792K, reserved 1048576K
}
Event: 6.597 GC heap before
{Heap before GC invocations=48 (full 0):
 garbage-first heap   total 222208K, used 147115K [0x0000000081e00000, 0x0000000100000000)
  region size 1024K, 80 young (81920K), 6 survivors (6144K)
 Metaspace       used 18269K, capacity 18591K, committed 18688K, reserved 1067008K
  class space    used 1658K, capacity 1785K, committed 1792K, reserved 1048576K
}

Deoptimization events (20 events):
Event: 6.381 Thread 0x0000026faad2e000 DEOPT PACKING pc=0x0000026fbb13716c sp=0x000000b2f53fe510
Event: 6.381 Thread 0x0000026faad2e000 DEOPT UNPACKING pc=0x0000026fb34da1af sp=0x000000b2f53fe468 mode 2
Event: 6.382 Thread 0x0000026faad2e000 Uncommon trap: trap_request=0xffffffc6 fr.pc=0x0000026fbb13716c relative=0x000000000000128c
Event: 6.382 Thread 0x0000026faad2e000 Uncommon trap: reason=bimorphic_or_optimized_type_check action=maybe_recompile pc=0x0000026fbb13716c method=com.sun.tools.javac.code.Types$13.visitClassType(Lcom/sun/tools/javac/code/Type$ClassType;Lcom/sun/tools/javac/code/Symbol;)Lcom/sun/tools/javac/co
Event: 6.382 Thread 0x0000026faad2e000 DEOPT PACKING pc=0x0000026fbb13716c sp=0x000000b2f53fe1d0
Event: 6.382 Thread 0x0000026faad2e000 DEOPT UNPACKING pc=0x0000026fb34da1af sp=0x000000b2f53fe128 mode 2
Event: 6.382 Thread 0x0000026faad2e000 Uncommon trap: trap_request=0xffffffc6 fr.pc=0x0000026fbb13ac38 relative=0x0000000000001258
Event: 6.382 Thread 0x0000026faad2e000 Uncommon trap: reason=bimorphic_or_optimized_type_check action=maybe_recompile pc=0x0000026fbb13ac38 method=com.sun.tools.javac.code.Types$13.visitClassType(Lcom/sun/tools/javac/code/Type$ClassType;Lcom/sun/tools/javac/code/Symbol;)Lcom/sun/tools/javac/co
Event: 6.382 Thread 0x0000026faad2e000 DEOPT PACKING pc=0x0000026fbb13ac38 sp=0x000000b2f53fe140
Event: 6.382 Thread 0x0000026faad2e000 DEOPT UNPACKING pc=0x0000026fb34da1af sp=0x000000b2f53fe120 mode 2
Event: 6.383 Thread 0x0000026faad2e000 Uncommon trap: trap_request=0xffffffde fr.pc=0x0000026fbb115f4c relative=0x000000000000092c
Event: 6.383 Thread 0x0000026faad2e000 Uncommon trap: reason=class_check action=maybe_recompile pc=0x0000026fbb115f4c method=com.sun.tools.javac.code.Symbol$ClassSymbol.isSubClass(Lcom/sun/tools/javac/code/Symbol;Lcom/sun/tools/javac/code/Types;)Z @ 55 c2
Event: 6.383 Thread 0x0000026faad2e000 DEOPT PACKING pc=0x0000026fbb115f4c sp=0x000000b2f53fe980
Event: 6.383 Thread 0x0000026faad2e000 DEOPT UNPACKING pc=0x0000026fb34da1af sp=0x000000b2f53fe8b8 mode 2
Event: 6.393 Thread 0x0000026faad2e000 Uncommon trap: trap_request=0xffffff5c fr.pc=0x0000026fbb0cfc1c relative=0x000000000000029c
Event: 6.393 Thread 0x0000026faad2e000 Uncommon trap: reason=speculate_null_assert action=make_not_entrant pc=0x0000026fbb0cfc1c method=com.sun.tools.javac.code.DeferredLintHandler.flush(Lcom/sun/tools/javac/util/JCDiagnostic$DiagnosticPosition;)V @ 15 c2
Event: 6.393 Thread 0x0000026faad2e000 DEOPT PACKING pc=0x0000026fbb0cfc1c sp=0x000000b2f53fed50
Event: 6.393 Thread 0x0000026faad2e000 DEOPT UNPACKING pc=0x0000026fb34da1af sp=0x000000b2f53fece8 mode 2
Event: 6.450 Thread 0x0000026faad2e000 DEOPT PACKING pc=0x0000026fb42b1e3b sp=0x000000b2f53fdad0
Event: 6.450 Thread 0x0000026faad2e000 DEOPT UNPACKING pc=0x0000026fb34da95e sp=0x000000b2f53fcfe0 mode 0

Classes redefined (0 events):
No events

Internal exceptions (20 events):
Event: 6.460 Thread 0x0000026faad2e000 Exception <a 'sun/nio/fs/WindowsException'{0x000000008c5c0cb0}> (0x000000008c5c0cb0) thrown at [./src/hotspot/share/prims/jni.cpp, line 617]
Event: 6.469 Thread 0x0000026faad2e000 Exception <a 'sun/nio/fs/WindowsException'{0x000000008c327d78}> (0x000000008c327d78) thrown at [./src/hotspot/share/prims/jni.cpp, line 617]
Event: 6.478 Thread 0x0000026faad2e000 Exception <a 'sun/nio/fs/WindowsException'{0x000000008c1499c0}> (0x000000008c1499c0) thrown at [./src/hotspot/share/prims/jni.cpp, line 617]
Event: 6.482 Thread 0x0000026faad2e000 Exception <a 'sun/nio/fs/WindowsException'{0x000000008c1707e0}> (0x000000008c1707e0) thrown at [./src/hotspot/share/prims/jni.cpp, line 617]
Event: 6.485 Thread 0x0000026faad2e000 Exception <a 'sun/nio/fs/WindowsException'{0x000000008c1a1fd0}> (0x000000008c1a1fd0) thrown at [./src/hotspot/share/prims/jni.cpp, line 617]
Event: 6.488 Thread 0x0000026faad2e000 Exception <a 'sun/nio/fs/WindowsException'{0x000000008c1e6830}> (0x000000008c1e6830) thrown at [./src/hotspot/share/prims/jni.cpp, line 617]
Event: 6.496 Thread 0x0000026faad2e000 Exception <a 'sun/nio/fs/WindowsException'{0x000000008bfc81d8}> (0x000000008bfc81d8) thrown at [./src/hotspot/share/prims/jni.cpp, line 617]
Event: 6.500 Thread 0x0000026faad2e000 Exception <a 'sun/nio/fs/WindowsException'{0x000000008bfeb290}> (0x000000008bfeb290) thrown at [./src/hotspot/share/prims/jni.cpp, line 617]
Event: 6.508 Thread 0x0000026faad2e000 Exception <a 'sun/nio/fs/WindowsException'{0x000000008bdfed98}> (0x000000008bdfed98) thrown at [./src/hotspot/share/prims/jni.cpp, line 617]
Event: 6.517 Thread 0x0000026faad2e000 Exception <a 'sun/nio/fs/WindowsException'{0x000000008bbb66a8}> (0x000000008bbb66a8) thrown at [./src/hotspot/share/prims/jni.cpp, line 617]
Event: 6.525 Thread 0x0000026faad2e000 Exception <a 'sun/nio/fs/WindowsException'{0x000000008b9ad748}> (0x000000008b9ad748) thrown at [./src/hotspot/share/prims/jni.cpp, line 617]
Event: 6.532 Thread 0x0000026faad2e000 Exception <a 'sun/nio/fs/WindowsException'{0x000000008b751fe8}> (0x000000008b751fe8) thrown at [./src/hotspot/share/prims/jni.cpp, line 617]
Event: 6.536 Thread 0x0000026faad2e000 Exception <a 'sun/nio/fs/WindowsException'{0x000000008b7f8b58}> (0x000000008b7f8b58) thrown at [./src/hotspot/share/prims/jni.cpp, line 617]
Event: 6.547 Thread 0x0000026faad2e000 Exception <a 'sun/nio/fs/WindowsException'{0x000000008b5e8360}> (0x000000008b5e8360) thrown at [./src/hotspot/share/prims/jni.cpp, line 617]
Event: 6.551 Thread 0x0000026faad2e000 Exception <a 'sun/nio/fs/WindowsException'{0x000000008b413e50}> (0x000000008b413e50) thrown at [./src/hotspot/share/prims/jni.cpp, line 617]
Event: 6.566 Thread 0x0000026faad2e000 Exception <a 'sun/nio/fs/WindowsException'{0x000000008b254470}> (0x000000008b254470) thrown at [./src/hotspot/share/prims/jni.cpp, line 617]
Event: 6.569 Thread 0x0000026faad2e000 Exception <a 'sun/nio/fs/WindowsException'{0x000000008b2800f8}> (0x000000008b2800f8) thrown at [./src/hotspot/share/prims/jni.cpp, line 617]
Event: 6.584 Thread 0x0000026faad2e000 Exception <a 'sun/nio/fs/WindowsException'{0x000000008a89fb48}> (0x000000008a89fb48) thrown at [./src/hotspot/share/prims/jni.cpp, line 617]
Event: 6.586 Thread 0x0000026faad2e000 Exception <a 'sun/nio/fs/WindowsException'{0x000000008a8aa098}> (0x000000008a8aa098) thrown at [./src/hotspot/share/prims/jni.cpp, line 617]
Event: 6.595 Thread 0x0000026faad2e000 Exception <a 'sun/nio/fs/WindowsException'{0x000000008a7e3980}> (0x000000008a7e3980) thrown at [./src/hotspot/share/prims/jni.cpp, line 617]

Events (20 events):
Event: 4.400 Executing VM operation: ICBufferFull
Event: 4.400 Executing VM operation: ICBufferFull done
Event: 4.922 Executing VM operation: ICBufferFull
Event: 4.922 Executing VM operation: ICBufferFull done
Event: 4.927 Executing VM operation: ICBufferFull
Event: 4.928 Executing VM operation: ICBufferFull done
Event: 4.959 Executing VM operation: G1CollectForAllocation
Event: 4.983 Executing VM operation: G1CollectForAllocation done
Event: 5.076 Executing VM operation: ICBufferFull
Event: 5.076 Executing VM operation: ICBufferFull done
Event: 5.225 Executing VM operation: ICBufferFull
Event: 5.225 Executing VM operation: ICBufferFull done
Event: 5.577 Executing VM operation: G1CollectForAllocation
Event: 5.601 Executing VM operation: G1CollectForAllocation done
Event: 6.049 Executing VM operation: ICBufferFull
Event: 6.050 Executing VM operation: ICBufferFull done
Event: 6.098 Executing VM operation: G1CollectForAllocation
Event: 6.109 Executing VM operation: G1CollectForAllocation done
Event: 6.178 Loaded shared library C:\Program Files\Microsoft\jdk-11.0.16.101-hotspot\bin\nio.dll
Event: 6.597 Executing VM operation: G1CollectForAllocation


Dynamic libraries:
0x00007ff63dc30000 - 0x00007ff63dc37000 	C:\Program Files\Microsoft\jdk-11.0.16.101-hotspot\bin\javac.exe
0x00007ffea3170000 - 0x00007ffea3368000 	C:\Windows\SYSTEM32\ntdll.dll
0x00007ffea1340000 - 0x00007ffea13ff000 	C:\Windows\System32\KERNEL32.DLL
0x00007ffea0e40000 - 0x00007ffea1136000 	C:\Windows\System32\KERNELBASE.dll
0x00007ffea0990000 - 0x00007ffea0a90000 	C:\Windows\System32\ucrtbase.dll
0x00007ffe7a5c0000 - 0x00007ffe7a5d5000 	C:\Program Files\Microsoft\jdk-11.0.16.101-hotspot\bin\VCRUNTIME140.dll
0x00007ffe8bad0000 - 0x00007ffe8bae7000 	C:\Program Files\Microsoft\jdk-11.0.16.101-hotspot\bin\jli.dll
0x00007ffea1680000 - 0x00007ffea181d000 	C:\Windows\System32\USER32.dll
0x00007ffea0e10000 - 0x00007ffea0e32000 	C:\Windows\System32\win32u.dll
0x00007ffe8a7d0000 - 0x00007ffe8aa6a000 	C:\Windows\WinSxS\amd64_microsoft.windows.common-controls_6595b64144ccf1df_6.0.19041.1110_none_60b5254171f9507e\COMCTL32.dll
0x00007ffea1260000 - 0x00007ffea128c000 	C:\Windows\System32\GDI32.dll
0x00007ffea1530000 - 0x00007ffea15ce000 	C:\Windows\System32\msvcrt.dll
0x00007ffea0bf0000 - 0x00007ffea0d05000 	C:\Windows\System32\gdi32full.dll
0x00007ffea08f0000 - 0x00007ffea098d000 	C:\Windows\System32\msvcp_win.dll
0x00007ffea1820000 - 0x00007ffea1850000 	C:\Windows\System32\IMM32.DLL
0x00007ffe09e10000 - 0x00007ffe09eab000 	C:\Program Files\Microsoft\jdk-11.0.16.101-hotspot\bin\msvcp140.dll
0x00007ffe02170000 - 0x00007ffe02cfa000 	C:\Program Files\Microsoft\jdk-11.0.16.101-hotspot\bin\server\jvm.dll
0x00007ffea18d0000 - 0x00007ffea197f000 	C:\Windows\System32\ADVAPI32.dll
0x00007ffea3090000 - 0x00007ffea312c000 	C:\Windows\System32\sechost.dll
0x00007ffea1980000 - 0x00007ffea1aa6000 	C:\Windows\System32\RPCRT4.dll
0x00007ffea3080000 - 0x00007ffea3088000 	C:\Windows\System32\PSAPI.DLL
0x00007ffe97760000 - 0x00007ffe97769000 	C:\Windows\SYSTEM32\WSOCK32.dll
0x00007ffe8a330000 - 0x00007ffe8a357000 	C:\Windows\SYSTEM32\WINMM.dll
0x00007ffea1f70000 - 0x00007ffea1fdb000 	C:\Windows\System32\WS2_32.dll
0x00007ffe8d530000 - 0x00007ffe8d53a000 	C:\Windows\SYSTEM32\VERSION.dll
0x00007ffe9f040000 - 0x00007ffe9f052000 	C:\Windows\SYSTEM32\kernel.appcore.dll
0x00007ffe9aa70000 - 0x00007ffe9aa80000 	C:\Program Files\Microsoft\jdk-11.0.16.101-hotspot\bin\verify.dll
0x00007ffe9e590000 - 0x00007ffe9e774000 	C:\Windows\SYSTEM32\DBGHELP.DLL
0x00007ffe8d3a0000 - 0x00007ffe8d3d4000 	C:\Windows\SYSTEM32\dbgcore.DLL
0x00007ffea1140000 - 0x00007ffea11c2000 	C:\Windows\System32\bcryptPrimitives.dll
0x00007ffe785e0000 - 0x00007ffe78608000 	C:\Program Files\Microsoft\jdk-11.0.16.101-hotspot\bin\java.dll
0x00007ffe9a8d0000 - 0x00007ffe9a8da000 	C:\Program Files\Microsoft\jdk-11.0.16.101-hotspot\bin\jimage.dll
0x00007ffe76ff0000 - 0x00007ffe77008000 	C:\Program Files\Microsoft\jdk-11.0.16.101-hotspot\bin\zip.dll
0x00007ffea2230000 - 0x00007ffea2974000 	C:\Windows\System32\SHELL32.dll
0x00007ffe9e890000 - 0x00007ffe9f023000 	C:\Windows\SYSTEM32\windows.storage.dll
0x00007ffea1ab0000 - 0x00007ffea1e04000 	C:\Windows\System32\combase.dll
0x00007ffea02b0000 - 0x00007ffea02de000 	C:\Windows\SYSTEM32\Wldp.dll
0x00007ffea1290000 - 0x00007ffea133d000 	C:\Windows\System32\SHCORE.dll
0x00007ffea2980000 - 0x00007ffea29d5000 	C:\Windows\System32\shlwapi.dll
0x00007ffea0790000 - 0x00007ffea07af000 	C:\Windows\SYSTEM32\profapi.dll
0x00007ffe76fd0000 - 0x00007ffe76fe9000 	C:\Program Files\Microsoft\jdk-11.0.16.101-hotspot\bin\net.dll
0x00007ffe98b40000 - 0x00007ffe98c4a000 	C:\Windows\SYSTEM32\WINHTTP.dll
0x00007ffea0010000 - 0x00007ffea007a000 	C:\Windows\system32\mswsock.dll
0x00007ffe76750000 - 0x00007ffe76763000 	C:\Program Files\Microsoft\jdk-11.0.16.101-hotspot\bin\nio.dll

dbghelp: loaded successfully - version: 4.0.5 - missing functions: none
symbol engine: initialized successfully - sym options: 0x614 - pdb path: .;C:\Program Files\Microsoft\jdk-11.0.16.101-hotspot\bin;C:\Windows\SYSTEM32;C:\Windows\WinSxS\amd64_microsoft.windows.common-controls_6595b64144ccf1df_6.0.19041.1110_none_60b5254171f9507e;C:\Program Files\Microsoft\jdk-11.0.16.101-hotspot\bin\server

VM Arguments:
jvm_args: -Dapplication.home=C:\Program Files\Microsoft\jdk-11.0.16.101-hotspot --add-modules=ALL-DEFAULT -Xms8m -Dfile.encoding=UTF8 -Djdk.module.main=jdk.compiler 
java_command: jdk.compiler/com.sun.tools.javac.Main @C:\Users\admin\AppData\Local\Temp\tmpD6F8.tmp -target 1.8 -source 1.8
java_class_path (initial): <not set>
Launcher Type: SUN_STANDARD

[Global flags]
     intx CICompilerCount                          = 3                                         {product} {ergonomic}
     uint ConcGCThreads                            = 1                                         {product} {ergonomic}
     uint G1ConcRefinementThreads                  = 4                                         {product} {ergonomic}
   size_t G1HeapRegionSize                         = 1048576                                   {product} {ergonomic}
    uintx GCDrainStackTargetSize                   = 64                                        {product} {ergonomic}
   size_t InitialHeapSize                          = 8388608                                   {product} {command line}
   size_t MarkStackSize                            = 4194304                                   {product} {ergonomic}
   size_t MaxHeapSize                              = 2116026368                                {product} {ergonomic}
   size_t MaxNewSize                               = 1268776960                                {product} {ergonomic}
   size_t MinHeapDeltaBytes                        = 1048576                                   {product} {ergonomic}
    uintx NonNMethodCodeHeapSize                   = 5830732                                {pd product} {ergonomic}
    uintx NonProfiledCodeHeapSize                  = 122913754                              {pd product} {ergonomic}
    uintx ProfiledCodeHeapSize                     = 122913754                              {pd product} {ergonomic}
    uintx ReservedCodeCacheSize                    = 251658240                              {pd product} {ergonomic}
     bool SegmentedCodeCache                       = true                                      {product} {ergonomic}
     bool UseCompressedClassPointers               = true                                 {lp64_product} {ergonomic}
     bool UseCompressedOops                        = true                                 {lp64_product} {ergonomic}
     bool UseG1GC                                  = true                                      {product} {ergonomic}
     bool UseLargePagesIndividualAllocation        = false                                  {pd product} {ergonomic}

Logging:
Log output configuration:
 #0: stdout all=warning uptime,level,tags
 #1: stderr all=off uptime,level,tags

Environment Variables:
JAVA_HOME=C:\Program Files\Microsoft\jdk-11.0.16.101-hotspot
PATH=C:\Program Files\Common Files\Oracle\Java\javapath;C:\Program Files (x86)\Common Files\Oracle\Java\javapath;C:\Program Files\Microsoft\jdk-11.0.16.101-hotspot\bin;C:\Program Files (x86)\Intel\iCLS Client\;C:\Program Files\Intel\iCLS Client\;C:\Windows\system32;C:\Windows;C:\Windows\System32\Wbem;C:\Windows\System32\WindowsPowerShell\v1.0\;C:\Windows\System32\OpenSSH\;C:\Program Files (x86)\Intel\Intel(R) Management Engine Components\DAL;C:\Program Files\Intel\Intel(R) Management Engine Components\DAL;C:\Program Files (x86)\Intel\Intel(R) Management Engine Components\IPT;C:\Program Files\Intel\Intel(R) Management Engine Components\IPT;E:\ApplicationApp\Git\cmd;C:\Program Files\Microsoft SQL Server\150\Tools\Binn\;C:\Program Files\Microsoft SQL Server\130\Tools\Binn\;C:\xampp\mysql\bin;C:\msys64\mingw64\bin;C:\msys64\mingw64\include;C:\Program Files\Microsoft SQL Server\Client SDK\ODBC\170\Tools\Binn\;C:\Program Files\dotnet\;C:\Program Files\MySQL\MySQL Shell 8.0\bin\;C:\Users\admin\AppData\Local\Microsoft\WindowsApps;C:\Users\admin\AppData\Local\Programs\Microsoft VS Code\bin;C:\msys64\mingw64\bin;C:\msys64\mingw64\include;C:\src\flutter\bin;C:\Windows\System32;C:\xampp\php;C:\Users\admin\AppData\Local\Programs\Python\Python311\Scripts;C:\Users\admin\AppData\Roaming\Python\Python311\Scripts;C:\Users\admin\.dotnet\tools
USERNAME=Line's laptop
OS=Windows_NT
PROCESSOR_IDENTIFIER=Intel64 Family 6 Model 142 Stepping 10, GenuineIntel
TMP=C:\Users\admin\AppData\Local\Temp
TEMP=C:\Users\admin\AppData\Local\Temp



---------------  S Y S T E M  ---------------

OS: Windows 10 , 64 bit Build 19041 (10.0.19041.2913)
OS uptime: 0 days 6:53 hours
Hyper-V role detected

CPU:total 4 (initial active 4) (2 cores per cpu, 2 threads per core) family 6 model 142 stepping 10 microcode 0xb4, cmov, cx8, fxsr, mmx, sse, sse2, sse3, ssse3, sse4.1, sse4.2, popcnt, avx, avx2, aes, clmul, erms, 3dnowpref, lzcnt, ht, tsc, tscinvbit, bmi1, bmi2, adx, fma

Memory: 4k page, system-wide physical 8071M (1076M free)
TotalPageFile size 8071M (AvailPageFile size 5M)
current process WorkingSet (physical memory assigned to process): 289M, peak: 289M
current process commit charge ("private bytes"): 509M, peak: 509M

vm_info: OpenJDK 64-Bit Server VM (11.0.16.1+1-LTS) for windows-amd64 JRE (11.0.16.1+1-LTS), built on Aug 20 2022 20:09:04 by "" with MS VC++ 15.9 (VS2017)

END.
